{
  "0 debug pnpm:scope": {
    "selected": 1,
    "workspacePrefix": null
  },
  "1 debug pnpm": {
    "isCaseSensitive": false,
    "store": "C:\\Users\\Misse\\.pnpm-store\\2"
  },
  "2 debug pnpm:package-manifest": {
    "initial": {
      "name": "billboard-map",
      "version": "0.1.0",
      "private": true,
      "dependencies": {
        "@fortawesome/fontawesome-svg-core": "^1.2.28",
        "@fortawesome/free-brands-svg-icons": "^5.13.0",
        "@fortawesome/free-solid-svg-icons": "^5.13.0",
        "@fortawesome/react-fontawesome": "^0.1.9",
        "@react-firebase/auth": "^0.2.10",
        "@testing-library/jest-dom": "^4.2.4",
        "@testing-library/react": "^9.5.0",
        "@testing-library/user-event": "^7.2.1",
        "@types/jest": "^24.9.1",
        "@types/node": "^12.12.34",
        "@types/react": "^16.9.32",
        "@types/react-dom": "^16.9.6",
        "firebase": "^7.13.2",
        "google-map-react": "^1.1.7",
        "leaflet": "^1.6.0",
        "react": "^16.13.1",
        "react-dom": "^16.13.1",
        "react-leaflet": "^2.6.3",
        "react-leaflet-markercluster": "^2.0.0",
        "react-scripts": "3.4.1",
        "typescript": "~3.7.5"
      },
      "scripts": {
        "start": "react-scripts start",
        "build": "react-scripts build",
        "test": "react-scripts test",
        "eject": "react-scripts eject"
      },
      "eslintConfig": {
        "extends": "react-app"
      },
      "browserslist": {
        "production": [
          ">0.2%",
          "not dead",
          "not op_mini all"
        ],
        "development": [
          "last 1 chrome version",
          "last 1 firefox version",
          "last 1 safari version"
        ]
      },
      "devDependencies": {
        "@types/google-map-react": "^1.1.5",
        "@types/react-leaflet": "^2.5.1",
        "@types/react-leaflet-markercluster": "^2.0.0"
      }
    },
    "prefix": "C:\\Users\\Misse\\Documents\\code\\private\\react\\hack-the-crisis\\billboard-map"
  },
  "3 debug pnpm:stage": {
    "prefix": "C:\\Users\\Misse\\Documents\\code\\private\\react\\hack-the-crisis\\billboard-map",
    "stage": "resolution_started"
  },
  "4 debug pnpm:_dependency_resolved": {
    "resolution": "registry.npmjs.org/@types/google-map-react/1.1.5",
    "wanted": {
      "name": "@types/google-map-react",
      "rawSpec": "^1.1.5"
    }
  },
  "5 debug pnpm:progress": {
    "packageId": "registry.npmjs.org/@types/google-map-react/1.1.5",
    "requester": "C:\\Users\\Misse\\Documents\\code\\private\\react\\hack-the-crisis\\billboard-map",
    "status": "resolved"
  },
  "6 debug pnpm:_dependency_resolved": {
    "resolution": "registry.npmjs.org/@types/jest/24.9.1",
    "wanted": {
      "name": "@types/jest",
      "rawSpec": "^24.9.1"
    }
  },
  "7 debug pnpm:progress": {
    "packageId": "registry.npmjs.org/@types/jest/24.9.1",
    "requester": "C:\\Users\\Misse\\Documents\\code\\private\\react\\hack-the-crisis\\billboard-map",
    "status": "resolved"
  },
  "8 debug pnpm:_dependency_resolved": {
    "resolution": "registry.npmjs.org/@fortawesome/free-brands-svg-icons/5.13.0",
    "wanted": {
      "name": "@fortawesome/free-brands-svg-icons",
      "rawSpec": "^5.13.0"
    }
  },
  "9 debug pnpm:progress": {
    "packageId": "registry.npmjs.org/@fortawesome/free-brands-svg-icons/5.13.0",
    "requester": "C:\\Users\\Misse\\Documents\\code\\private\\react\\hack-the-crisis\\billboard-map",
    "status": "resolved"
  },
  "10 debug pnpm:progress": {
    "packageId": "registry.npmjs.org/@types/google-map-react/1.1.5",
    "requester": "C:\\Users\\Misse\\Documents\\code\\private\\react\\hack-the-crisis\\billboard-map",
    "status": "found_in_store"
  },
  "11 debug pnpm:_dependency_resolved": {
    "resolution": "registry.npmjs.org/@testing-library/user-event/7.2.1",
    "wanted": {
      "name": "@testing-library/user-event",
      "rawSpec": "^7.2.1"
    }
  },
  "12 debug pnpm:progress": {
    "packageId": "registry.npmjs.org/@testing-library/user-event/7.2.1",
    "requester": "C:\\Users\\Misse\\Documents\\code\\private\\react\\hack-the-crisis\\billboard-map",
    "status": "resolved"
  },
  "13 debug pnpm:_dependency_resolved": {
    "resolution": "registry.npmjs.org/@fortawesome/react-fontawesome/0.1.9",
    "wanted": {
      "name": "@fortawesome/react-fontawesome",
      "rawSpec": "^0.1.9"
    }
  },
  "14 debug pnpm:progress": {
    "packageId": "registry.npmjs.org/@fortawesome/react-fontawesome/0.1.9",
    "requester": "C:\\Users\\Misse\\Documents\\code\\private\\react\\hack-the-crisis\\billboard-map",
    "status": "resolved"
  },
  "15 debug pnpm:_dependency_resolved": {
    "resolution": "registry.npmjs.org/@fortawesome/fontawesome-svg-core/1.2.28",
    "wanted": {
      "name": "@fortawesome/fontawesome-svg-core",
      "rawSpec": "^1.2.28"
    }
  },
  "16 debug pnpm:progress": {
    "packageId": "registry.npmjs.org/@fortawesome/fontawesome-svg-core/1.2.28",
    "requester": "C:\\Users\\Misse\\Documents\\code\\private\\react\\hack-the-crisis\\billboard-map",
    "status": "resolved"
  },
  "17 debug pnpm:progress": {
    "packageId": "registry.npmjs.org/@types/jest/24.9.1",
    "requester": "C:\\Users\\Misse\\Documents\\code\\private\\react\\hack-the-crisis\\billboard-map",
    "status": "found_in_store"
  },
  "18 debug pnpm:_dependency_resolved": {
    "resolution": "registry.npmjs.org/@testing-library/react/9.5.0",
    "wanted": {
      "name": "@testing-library/react",
      "rawSpec": "^9.5.0"
    }
  },
  "19 debug pnpm:progress": {
    "packageId": "registry.npmjs.org/@testing-library/react/9.5.0",
    "requester": "C:\\Users\\Misse\\Documents\\code\\private\\react\\hack-the-crisis\\billboard-map",
    "status": "resolved"
  },
  "20 debug pnpm:_dependency_resolved": {
    "resolution": "registry.npmjs.org/@types/react-leaflet-markercluster/2.0.0",
    "wanted": {
      "name": "@types/react-leaflet-markercluster",
      "rawSpec": "^2.0.0"
    }
  },
  "21 debug pnpm:progress": {
    "packageId": "registry.npmjs.org/@types/react-leaflet-markercluster/2.0.0",
    "requester": "C:\\Users\\Misse\\Documents\\code\\private\\react\\hack-the-crisis\\billboard-map",
    "status": "resolved"
  },
  "22 debug pnpm:_dependency_resolved": {
    "resolution": "registry.npmjs.org/@types/react-leaflet/2.5.1",
    "wanted": {
      "name": "@types/react-leaflet",
      "rawSpec": "^2.5.1"
    }
  },
  "23 debug pnpm:progress": {
    "packageId": "registry.npmjs.org/@types/react-leaflet/2.5.1",
    "requester": "C:\\Users\\Misse\\Documents\\code\\private\\react\\hack-the-crisis\\billboard-map",
    "status": "resolved"
  },
  "24 debug pnpm:_dependency_resolved": {
    "resolution": "registry.npmjs.org/@react-firebase/auth/0.2.10",
    "wanted": {
      "name": "@react-firebase/auth",
      "rawSpec": "^0.2.10"
    }
  },
  "25 debug pnpm:progress": {
    "packageId": "registry.npmjs.org/@react-firebase/auth/0.2.10",
    "requester": "C:\\Users\\Misse\\Documents\\code\\private\\react\\hack-the-crisis\\billboard-map",
    "status": "resolved"
  },
  "26 debug pnpm:_dependency_resolved": {
    "resolution": "registry.npmjs.org/@types/react-dom/16.9.6",
    "wanted": {
      "name": "@types/react-dom",
      "rawSpec": "^16.9.6"
    }
  },
  "27 debug pnpm:progress": {
    "packageId": "registry.npmjs.org/@types/react-dom/16.9.6",
    "requester": "C:\\Users\\Misse\\Documents\\code\\private\\react\\hack-the-crisis\\billboard-map",
    "status": "resolved"
  },
  "28 debug pnpm:_dependency_resolved": {
    "resolution": "registry.npmjs.org/@testing-library/jest-dom/4.2.4",
    "wanted": {
      "name": "@testing-library/jest-dom",
      "rawSpec": "^4.2.4"
    }
  },
  "29 debug pnpm:progress": {
    "packageId": "registry.npmjs.org/@testing-library/jest-dom/4.2.4",
    "requester": "C:\\Users\\Misse\\Documents\\code\\private\\react\\hack-the-crisis\\billboard-map",
    "status": "resolved"
  },
  "30 debug pnpm:progress": {
    "packageId": "registry.npmjs.org/@fortawesome/react-fontawesome/0.1.9",
    "requester": "C:\\Users\\Misse\\Documents\\code\\private\\react\\hack-the-crisis\\billboard-map",
    "status": "found_in_store"
  },
  "31 debug pnpm:progress": {
    "packageId": "registry.npmjs.org/@types/react-leaflet-markercluster/2.0.0",
    "requester": "C:\\Users\\Misse\\Documents\\code\\private\\react\\hack-the-crisis\\billboard-map",
    "status": "found_in_store"
  },
  "32 debug pnpm:_dependency_resolved": {
    "resolution": "registry.npmjs.org/@fortawesome/free-solid-svg-icons/5.13.0",
    "wanted": {
      "name": "@fortawesome/free-solid-svg-icons",
      "rawSpec": "^5.13.0"
    }
  },
  "33 debug pnpm:progress": {
    "packageId": "registry.npmjs.org/@fortawesome/free-solid-svg-icons/5.13.0",
    "requester": "C:\\Users\\Misse\\Documents\\code\\private\\react\\hack-the-crisis\\billboard-map",
    "status": "resolved"
  },
  "34 debug pnpm:_dependency_resolved": {
    "resolution": "registry.npmjs.org/@types/react/16.9.32",
    "wanted": {
      "name": "@types/react",
      "rawSpec": "^16.9.32"
    }
  },
  "35 debug pnpm:progress": {
    "packageId": "registry.npmjs.org/@types/react/16.9.32",
    "requester": "C:\\Users\\Misse\\Documents\\code\\private\\react\\hack-the-crisis\\billboard-map",
    "status": "resolved"
  },
  "36 debug pnpm:progress": {
    "packageId": "registry.npmjs.org/@types/react-leaflet/2.5.1",
    "requester": "C:\\Users\\Misse\\Documents\\code\\private\\react\\hack-the-crisis\\billboard-map",
    "status": "found_in_store"
  },
  "37 debug pnpm:progress": {
    "packageId": "registry.npmjs.org/@react-firebase/auth/0.2.10",
    "requester": "C:\\Users\\Misse\\Documents\\code\\private\\react\\hack-the-crisis\\billboard-map",
    "status": "found_in_store"
  },
  "38 debug pnpm:progress": {
    "packageId": "registry.npmjs.org/@types/react-dom/16.9.6",
    "requester": "C:\\Users\\Misse\\Documents\\code\\private\\react\\hack-the-crisis\\billboard-map",
    "status": "found_in_store"
  },
  "39 debug pnpm:_dependency_resolved": {
    "resolution": "registry.npmjs.org/react-leaflet-markercluster/2.0.0",
    "wanted": {
      "name": "react-leaflet-markercluster",
      "rawSpec": "^2.0.0"
    }
  },
  "40 debug pnpm:progress": {
    "packageId": "registry.npmjs.org/react-leaflet-markercluster/2.0.0",
    "requester": "C:\\Users\\Misse\\Documents\\code\\private\\react\\hack-the-crisis\\billboard-map",
    "status": "resolved"
  },
  "41 debug pnpm:progress": {
    "packageId": "registry.npmjs.org/@fortawesome/fontawesome-svg-core/1.2.28",
    "requester": "C:\\Users\\Misse\\Documents\\code\\private\\react\\hack-the-crisis\\billboard-map",
    "status": "found_in_store"
  },
  "42 debug pnpm:_dependency_resolved": {
    "resolution": "registry.npmjs.org/prop-types/15.7.2",
    "wanted": {
      "dependentId": "registry.npmjs.org/@fortawesome/react-fontawesome/0.1.9",
      "name": "prop-types",
      "rawSpec": "^15.7.2"
    }
  },
  "43 debug pnpm:progress": {
    "packageId": "registry.npmjs.org/prop-types/15.7.2",
    "requester": "C:\\Users\\Misse\\Documents\\code\\private\\react\\hack-the-crisis\\billboard-map",
    "status": "resolved"
  },
  "44 debug pnpm:_dependency_resolved": {
    "resolution": "registry.npmjs.org/google-map-react/1.1.7",
    "wanted": {
      "name": "google-map-react",
      "rawSpec": "^1.1.7"
    }
  },
  "45 debug pnpm:progress": {
    "packageId": "registry.npmjs.org/google-map-react/1.1.7",
    "requester": "C:\\Users\\Misse\\Documents\\code\\private\\react\\hack-the-crisis\\billboard-map",
    "status": "resolved"
  },
  "46 debug pnpm:progress": {
    "packageId": "registry.npmjs.org/@testing-library/jest-dom/4.2.4",
    "requester": "C:\\Users\\Misse\\Documents\\code\\private\\react\\hack-the-crisis\\billboard-map",
    "status": "found_in_store"
  },
  "47 debug pnpm:_dependency_resolved": {
    "resolution": "registry.npmjs.org/@fortawesome/fontawesome-common-types/0.2.28",
    "wanted": {
      "dependentId": "registry.npmjs.org/@fortawesome/free-brands-svg-icons/5.13.0",
      "name": "@fortawesome/fontawesome-common-types",
      "rawSpec": "^0.2.28"
    }
  },
  "48 debug pnpm:progress": {
    "packageId": "registry.npmjs.org/@fortawesome/fontawesome-common-types/0.2.28",
    "requester": "C:\\Users\\Misse\\Documents\\code\\private\\react\\hack-the-crisis\\billboard-map",
    "status": "resolved"
  },
  "49 debug pnpm:_dependency_resolved": {
    "resolution": "registry.npmjs.org/react-leaflet/2.6.3",
    "wanted": {
      "name": "react-leaflet",
      "rawSpec": "^2.6.3"
    }
  },
  "50 debug pnpm:progress": {
    "packageId": "registry.npmjs.org/react-leaflet/2.6.3",
    "requester": "C:\\Users\\Misse\\Documents\\code\\private\\react\\hack-the-crisis\\billboard-map",
    "status": "resolved"
  },
  "51 debug pnpm:_dependency_resolved": {
    "resolution": "registry.npmjs.org/@types/react-leaflet/2.5.1",
    "wanted": {
      "dependentId": "registry.npmjs.org/@types/react-leaflet-markercluster/2.0.0",
      "name": "@types/react-leaflet",
      "rawSpec": "*"
    }
  },
  "52 debug pnpm:_dependency_resolved": {
    "resolution": "registry.npmjs.org/jest-diff/24.9.0",
    "wanted": {
      "dependentId": "registry.npmjs.org/@types/jest/24.9.1",
      "name": "jest-diff",
      "rawSpec": "^24.3.0"
    }
  },
  "53 debug pnpm:progress": {
    "packageId": "registry.npmjs.org/jest-diff/24.9.0",
    "requester": "C:\\Users\\Misse\\Documents\\code\\private\\react\\hack-the-crisis\\billboard-map",
    "status": "resolved"
  },
  "54 debug pnpm:_dependency_resolved": {
    "resolution": "registry.npmjs.org/react-dom/16.13.1",
    "wanted": {
      "name": "react-dom",
      "rawSpec": "^16.13.1"
    }
  },
  "55 debug pnpm:progress": {
    "packageId": "registry.npmjs.org/react-dom/16.13.1",
    "requester": "C:\\Users\\Misse\\Documents\\code\\private\\react\\hack-the-crisis\\billboard-map",
    "status": "resolved"
  },
  "56 debug pnpm:_dependency_resolved": {
    "resolution": "registry.npmjs.org/@types/react/16.9.32",
    "wanted": {
      "dependentId": "registry.npmjs.org/@types/react-leaflet/2.5.1",
      "name": "@types/react",
      "rawSpec": "*"
    }
  },
  "57 debug pnpm:_dependency_resolved": {
    "resolution": "registry.npmjs.org/@babel/runtime/7.9.2",
    "wanted": {
      "dependentId": "registry.npmjs.org/@testing-library/react/9.5.0",
      "name": "@babel/runtime",
      "rawSpec": "^7.8.4"
    }
  },
  "58 debug pnpm:progress": {
    "packageId": "registry.npmjs.org/@babel/runtime/7.9.2",
    "requester": "C:\\Users\\Misse\\Documents\\code\\private\\react\\hack-the-crisis\\billboard-map",
    "status": "resolved"
  },
  "59 debug pnpm:_dependency_resolved": {
    "resolution": "registry.npmjs.org/@types/react/16.9.32",
    "wanted": {
      "dependentId": "registry.npmjs.org/@types/google-map-react/1.1.5",
      "name": "@types/react",
      "rawSpec": "*"
    }
  },
  "60 debug pnpm:_dependency_resolved": {
    "resolution": "registry.npmjs.org/@types/react/16.9.32",
    "wanted": {
      "dependentId": "registry.npmjs.org/@types/react-dom/16.9.6",
      "name": "@types/react",
      "rawSpec": "*"
    }
  },
  "61 debug pnpm:_dependency_resolved": {
    "resolution": "registry.npmjs.org/@babel/runtime/7.9.2",
    "wanted": {
      "dependentId": "registry.npmjs.org/@testing-library/jest-dom/4.2.4",
      "name": "@babel/runtime",
      "rawSpec": "^7.5.1"
    }
  },
  "62 debug pnpm:_dependency_resolved": {
    "resolution": "registry.npmjs.org/react/16.13.1",
    "wanted": {
      "name": "react",
      "rawSpec": "^16.13.1"
    }
  },
  "63 debug pnpm:progress": {
    "packageId": "registry.npmjs.org/react/16.13.1",
    "requester": "C:\\Users\\Misse\\Documents\\code\\private\\react\\hack-the-crisis\\billboard-map",
    "status": "resolved"
  },
  "64 debug pnpm:_dependency_resolved": {
    "resolution": "registry.npmjs.org/@testing-library/dom/6.16.0",
    "wanted": {
      "dependentId": "registry.npmjs.org/@testing-library/react/9.5.0",
      "name": "@testing-library/dom",
      "rawSpec": "^6.15.0"
    }
  },
  "65 debug pnpm:progress": {
    "packageId": "registry.npmjs.org/@testing-library/dom/6.16.0",
    "requester": "C:\\Users\\Misse\\Documents\\code\\private\\react\\hack-the-crisis\\billboard-map",
    "status": "resolved"
  },
  "66 debug pnpm:progress": {
    "packageId": "registry.npmjs.org/react-leaflet-markercluster/2.0.0",
    "requester": "C:\\Users\\Misse\\Documents\\code\\private\\react\\hack-the-crisis\\billboard-map",
    "status": "found_in_store"
  },
  "67 debug pnpm:_dependency_resolved": {
    "resolution": "registry.npmjs.org/@types/testing-library__react/9.1.3",
    "wanted": {
      "dependentId": "registry.npmjs.org/@testing-library/react/9.5.0",
      "name": "@types/testing-library__react",
      "rawSpec": "^9.1.2"
    }
  },
  "68 debug pnpm:progress": {
    "packageId": "registry.npmjs.org/@types/testing-library__react/9.1.3",
    "requester": "C:\\Users\\Misse\\Documents\\code\\private\\react\\hack-the-crisis\\billboard-map",
    "status": "resolved"
  },
  "69 debug pnpm:_dependency_resolved": {
    "resolution": "registry.npmjs.org/jest-diff/24.9.0",
    "wanted": {
      "dependentId": "registry.npmjs.org/@testing-library/jest-dom/4.2.4",
      "name": "jest-diff",
      "rawSpec": "^24.0.0"
    }
  },
  "70 debug pnpm:_dependency_resolved": {
    "resolution": "registry.npmjs.org/@types/leaflet.markercluster/1.4.2",
    "wanted": {
      "dependentId": "registry.npmjs.org/@types/react-leaflet-markercluster/2.0.0",
      "name": "@types/leaflet.markercluster",
      "rawSpec": "*"
    }
  },
  "71 debug pnpm:progress": {
    "packageId": "registry.npmjs.org/@types/leaflet.markercluster/1.4.2",
    "requester": "C:\\Users\\Misse\\Documents\\code\\private\\react\\hack-the-crisis\\billboard-map",
    "status": "resolved"
  },
  "72 debug pnpm:_dependency_resolved": {
    "resolution": "registry.npmjs.org/lodash.get/4.4.2",
    "wanted": {
      "dependentId": "registry.npmjs.org/@react-firebase/auth/0.2.10",
      "name": "lodash.get",
      "rawSpec": "^4.4.2"
    }
  },
  "73 debug pnpm:progress": {
    "packageId": "registry.npmjs.org/lodash.get/4.4.2",
    "requester": "C:\\Users\\Misse\\Documents\\code\\private\\react\\hack-the-crisis\\billboard-map",
    "status": "resolved"
  },
  "74 debug pnpm:_dependency_resolved": {
    "resolution": "registry.npmjs.org/chalk/2.4.2",
    "wanted": {
      "dependentId": "registry.npmjs.org/@testing-library/jest-dom/4.2.4",
      "name": "chalk",
      "rawSpec": "^2.4.1"
    }
  },
  "75 debug pnpm:progress": {
    "packageId": "registry.npmjs.org/chalk/2.4.2",
    "requester": "C:\\Users\\Misse\\Documents\\code\\private\\react\\hack-the-crisis\\billboard-map",
    "status": "resolved"
  },
  "76 debug pnpm:_dependency_resolved": {
    "resolution": "registry.npmjs.org/css/2.2.4",
    "wanted": {
      "dependentId": "registry.npmjs.org/@testing-library/jest-dom/4.2.4",
      "name": "css",
      "rawSpec": "^2.2.3"
    }
  },
  "77 debug pnpm:progress": {
    "packageId": "registry.npmjs.org/css/2.2.4",
    "requester": "C:\\Users\\Misse\\Documents\\code\\private\\react\\hack-the-crisis\\billboard-map",
    "status": "resolved"
  },
  "78 debug pnpm:_dependency_resolved": {
    "resolution": "registry.npmjs.org/@fortawesome/fontawesome-common-types/0.2.28",
    "wanted": {
      "dependentId": "registry.npmjs.org/@fortawesome/free-solid-svg-icons/5.13.0",
      "name": "@fortawesome/fontawesome-common-types",
      "rawSpec": "^0.2.28"
    }
  },
  "79 debug pnpm:_dependency_resolved": {
    "resolution": "registry.npmjs.org/css.escape/1.5.1",
    "wanted": {
      "dependentId": "registry.npmjs.org/@testing-library/jest-dom/4.2.4",
      "name": "css.escape",
      "rawSpec": "^1.5.1"
    }
  },
  "80 debug pnpm:progress": {
    "packageId": "registry.npmjs.org/css.escape/1.5.1",
    "requester": "C:\\Users\\Misse\\Documents\\code\\private\\react\\hack-the-crisis\\billboard-map",
    "status": "resolved"
  },
  "81 debug pnpm:progress": {
    "packageId": "registry.npmjs.org/prop-types/15.7.2",
    "requester": "C:\\Users\\Misse\\Documents\\code\\private\\react\\hack-the-crisis\\billboard-map",
    "status": "found_in_store"
  },
  "82 debug pnpm:_dependency_resolved": {
    "resolution": "registry.npmjs.org/@types/leaflet/1.5.12",
    "wanted": {
      "dependentId": "registry.npmjs.org/@types/react-leaflet/2.5.1",
      "name": "@types/leaflet",
      "rawSpec": "*"
    }
  },
  "83 debug pnpm:progress": {
    "packageId": "registry.npmjs.org/@types/leaflet/1.5.12",
    "requester": "C:\\Users\\Misse\\Documents\\code\\private\\react\\hack-the-crisis\\billboard-map",
    "status": "resolved"
  },
  "84 debug pnpm:_dependency_resolved": {
    "resolution": "registry.npmjs.org/jest-matcher-utils/24.9.0",
    "wanted": {
      "dependentId": "registry.npmjs.org/@testing-library/jest-dom/4.2.4",
      "name": "jest-matcher-utils",
      "rawSpec": "^24.0.0"
    }
  },
  "85 debug pnpm:progress": {
    "packageId": "registry.npmjs.org/jest-matcher-utils/24.9.0",
    "requester": "C:\\Users\\Misse\\Documents\\code\\private\\react\\hack-the-crisis\\billboard-map",
    "status": "resolved"
  },
  "86 debug pnpm:progress": {
    "packageId": "registry.npmjs.org/jest-diff/24.9.0",
    "requester": "C:\\Users\\Misse\\Documents\\code\\private\\react\\hack-the-crisis\\billboard-map",
    "status": "found_in_store"
  },
  "87 debug pnpm:_dependency_resolved": {
    "resolution": "registry.npmjs.org/@types/node/12.12.34",
    "wanted": {
      "name": "@types/node",
      "rawSpec": "^12.12.34"
    }
  },
  "88 debug pnpm:progress": {
    "packageId": "registry.npmjs.org/@types/node/12.12.34",
    "requester": "C:\\Users\\Misse\\Documents\\code\\private\\react\\hack-the-crisis\\billboard-map",
    "status": "resolved"
  },
  "89 debug pnpm:_dependency_resolved": {
    "resolution": "registry.npmjs.org/react-leaflet/2.6.3",
    "wanted": {
      "dependentId": "registry.npmjs.org/react-leaflet-markercluster/2.0.0",
      "name": "react-leaflet",
      "rawSpec": "^2.6.3"
    }
  },
  "90 debug pnpm:_dependency_resolved": {
    "resolution": "registry.npmjs.org/@types/leaflet/1.5.12",
    "wanted": {
      "dependentId": "registry.npmjs.org/@types/react-leaflet-markercluster/2.0.0",
      "name": "@types/leaflet",
      "rawSpec": "*"
    }
  },
  "91 debug pnpm:_dependency_resolved": {
    "resolution": "registry.npmjs.org/render-and-add-props/0.5.0",
    "wanted": {
      "dependentId": "registry.npmjs.org/@react-firebase/auth/0.2.10",
      "name": "render-and-add-props",
      "rawSpec": "^0.5.0"
    }
  },
  "92 debug pnpm:progress": {
    "packageId": "registry.npmjs.org/render-and-add-props/0.5.0",
    "requester": "C:\\Users\\Misse\\Documents\\code\\private\\react\\hack-the-crisis\\billboard-map",
    "status": "resolved"
  },
  "93 debug pnpm:_dependency_resolved": {
    "resolution": "registry.npmjs.org/prop-types/15.7.2",
    "wanted": {
      "dependentId": "registry.npmjs.org/google-map-react/1.1.7",
      "name": "prop-types",
      "rawSpec": "^15.5.6"
    }
  },
  "94 debug pnpm:progress": {
    "packageId": "registry.npmjs.org/@types/testing-library__react/9.1.3",
    "requester": "C:\\Users\\Misse\\Documents\\code\\private\\react\\hack-the-crisis\\billboard-map",
    "status": "found_in_store"
  },
  "95 debug pnpm:progress": {
    "packageId": "registry.npmjs.org/@types/leaflet.markercluster/1.4.2",
    "requester": "C:\\Users\\Misse\\Documents\\code\\private\\react\\hack-the-crisis\\billboard-map",
    "status": "found_in_store"
  },
  "96 debug pnpm:_dependency_resolved": {
    "resolution": "registry.npmjs.org/lodash/4.17.15",
    "wanted": {
      "dependentId": "registry.npmjs.org/@testing-library/jest-dom/4.2.4",
      "name": "lodash",
      "rawSpec": "^4.17.11"
    }
  },
  "97 debug pnpm:progress": {
    "packageId": "registry.npmjs.org/lodash/4.17.15",
    "requester": "C:\\Users\\Misse\\Documents\\code\\private\\react\\hack-the-crisis\\billboard-map",
    "status": "resolved"
  },
  "98 debug pnpm:_dependency_resolved": {
    "resolution": "registry.npmjs.org/@babel/runtime/7.9.2",
    "wanted": {
      "dependentId": "registry.npmjs.org/react-leaflet/2.6.3",
      "name": "@babel/runtime",
      "rawSpec": "^7.8.7"
    }
  },
  "99 debug pnpm:progress": {
    "packageId": "registry.npmjs.org/@types/react/16.9.32",
    "requester": "C:\\Users\\Misse\\Documents\\code\\private\\react\\hack-the-crisis\\billboard-map",
    "status": "found_in_store"
  },
  "100 debug pnpm:_dependency_resolved": {
    "resolution": "registry.npmjs.org/leaflet/1.6.0",
    "wanted": {
      "name": "leaflet",
      "rawSpec": "^1.6.0"
    }
  },
  "101 debug pnpm:progress": {
    "packageId": "registry.npmjs.org/leaflet/1.6.0",
    "requester": "C:\\Users\\Misse\\Documents\\code\\private\\react\\hack-the-crisis\\billboard-map",
    "status": "resolved"
  },
  "102 debug pnpm:_dependency_resolved": {
    "resolution": "registry.npmjs.org/pretty-format/24.9.0",
    "wanted": {
      "dependentId": "registry.npmjs.org/@testing-library/jest-dom/4.2.4",
      "name": "pretty-format",
      "rawSpec": "^24.0.0"
    }
  },
  "103 debug pnpm:progress": {
    "packageId": "registry.npmjs.org/pretty-format/24.9.0",
    "requester": "C:\\Users\\Misse\\Documents\\code\\private\\react\\hack-the-crisis\\billboard-map",
    "status": "resolved"
  },
  "104 debug pnpm:_dependency_resolved": {
    "resolution": "registry.npmjs.org/csstype/2.6.10",
    "wanted": {
      "dependentId": "registry.npmjs.org/@types/react/16.9.32",
      "name": "csstype",
      "rawSpec": "^2.2.0"
    }
  },
  "105 debug pnpm:progress": {
    "packageId": "registry.npmjs.org/csstype/2.6.10",
    "requester": "C:\\Users\\Misse\\Documents\\code\\private\\react\\hack-the-crisis\\billboard-map",
    "status": "resolved"
  },
  "106 debug pnpm:_dependency_resolved": {
    "resolution": "registry.npmjs.org/@fortawesome/fontawesome-common-types/0.2.28",
    "wanted": {
      "dependentId": "registry.npmjs.org/@fortawesome/fontawesome-svg-core/1.2.28",
      "name": "@fortawesome/fontawesome-common-types",
      "rawSpec": "^0.2.28"
    }
  },
  "107 debug pnpm:_dependency_resolved": {
    "resolution": "registry.npmjs.org/@types/prop-types/15.7.3",
    "wanted": {
      "dependentId": "registry.npmjs.org/@types/react/16.9.32",
      "name": "@types/prop-types",
      "rawSpec": "*"
    }
  },
  "108 debug pnpm:progress": {
    "packageId": "registry.npmjs.org/@types/prop-types/15.7.3",
    "requester": "C:\\Users\\Misse\\Documents\\code\\private\\react\\hack-the-crisis\\billboard-map",
    "status": "resolved"
  },
  "109 debug pnpm:_dependency_resolved": {
    "resolution": "registry.npmjs.org/prop-types/15.7.2",
    "wanted": {
      "dependentId": "registry.npmjs.org/react-dom/16.13.1",
      "name": "prop-types",
      "rawSpec": "^15.6.2"
    }
  },
  "110 debug pnpm:_dependency_resolved": {
    "resolution": "registry.npmjs.org/eventemitter3/1.2.0",
    "wanted": {
      "dependentId": "registry.npmjs.org/google-map-react/1.1.7",
      "name": "eventemitter3",
      "rawSpec": "^1.1.0"
    }
  },
  "111 debug pnpm:progress": {
    "packageId": "registry.npmjs.org/eventemitter3/1.2.0",
    "requester": "C:\\Users\\Misse\\Documents\\code\\private\\react\\hack-the-crisis\\billboard-map",
    "status": "resolved"
  },
  "112 debug pnpm:_dependency_resolved": {
    "resolution": "registry.npmjs.org/fast-deep-equal/3.1.1",
    "wanted": {
      "dependentId": "registry.npmjs.org/react-leaflet/2.6.3",
      "name": "fast-deep-equal",
      "rawSpec": "^3.1.1"
    }
  },
  "113 debug pnpm:progress": {
    "packageId": "registry.npmjs.org/fast-deep-equal/3.1.1",
    "requester": "C:\\Users\\Misse\\Documents\\code\\private\\react\\hack-the-crisis\\billboard-map",
    "status": "resolved"
  },
  "114 debug pnpm:_dependency_resolved": {
    "resolution": "registry.npmjs.org/redent/3.0.0",
    "wanted": {
      "dependentId": "registry.npmjs.org/@testing-library/jest-dom/4.2.4",
      "name": "redent",
      "rawSpec": "^3.0.0"
    }
  },
  "115 debug pnpm:progress": {
    "packageId": "registry.npmjs.org/redent/3.0.0",
    "requester": "C:\\Users\\Misse\\Documents\\code\\private\\react\\hack-the-crisis\\billboard-map",
    "status": "resolved"
  },
  "116 debug pnpm:_dependency_resolved": {
    "resolution": "registry.npmjs.org/prop-types/15.7.2",
    "wanted": {
      "dependentId": "registry.npmjs.org/react/16.13.1",
      "name": "prop-types",
      "rawSpec": "^15.6.2"
    }
  },
  "117 debug pnpm:_dependency_resolved": {
    "resolution": "registry.npmjs.org/leaflet/1.6.0",
    "wanted": {
      "dependentId": "registry.npmjs.org/react-leaflet-markercluster/2.0.0",
      "name": "leaflet",
      "rawSpec": "^1.6.0"
    }
  },
  "118 debug pnpm:progress": {
    "packageId": "registry.npmjs.org/css.escape/1.5.1",
    "requester": "C:\\Users\\Misse\\Documents\\code\\private\\react\\hack-the-crisis\\billboard-map",
    "status": "found_in_store"
  },
  "119 debug pnpm:_dependency_resolved": {
    "resolution": "registry.npmjs.org/hoist-non-react-statics/3.3.2",
    "wanted": {
      "dependentId": "registry.npmjs.org/react-leaflet/2.6.3",
      "name": "hoist-non-react-statics",
      "rawSpec": "^3.3.2"
    }
  },
  "120 debug pnpm:progress": {
    "packageId": "registry.npmjs.org/hoist-non-react-statics/3.3.2",
    "requester": "C:\\Users\\Misse\\Documents\\code\\private\\react\\hack-the-crisis\\billboard-map",
    "status": "resolved"
  },
  "121 debug pnpm:progress": {
    "packageId": "registry.npmjs.org/@babel/runtime/7.9.2",
    "requester": "C:\\Users\\Misse\\Documents\\code\\private\\react\\hack-the-crisis\\billboard-map",
    "status": "found_in_store"
  },
  "122 debug pnpm:progress": {
    "packageId": "registry.npmjs.org/lodash.get/4.4.2",
    "requester": "C:\\Users\\Misse\\Documents\\code\\private\\react\\hack-the-crisis\\billboard-map",
    "status": "found_in_store"
  },
  "123 debug pnpm:progress": {
    "packageId": "registry.npmjs.org/chalk/2.4.2",
    "requester": "C:\\Users\\Misse\\Documents\\code\\private\\react\\hack-the-crisis\\billboard-map",
    "status": "found_in_store"
  },
  "124 debug pnpm:progress": {
    "packageId": "registry.npmjs.org/css/2.2.4",
    "requester": "C:\\Users\\Misse\\Documents\\code\\private\\react\\hack-the-crisis\\billboard-map",
    "status": "found_in_store"
  },
  "125 debug pnpm:_dependency_resolved": {
    "resolution": "registry.npmjs.org/warning/4.0.3",
    "wanted": {
      "dependentId": "registry.npmjs.org/react-leaflet/2.6.3",
      "name": "warning",
      "rawSpec": "^4.0.3"
    }
  },
  "126 debug pnpm:progress": {
    "packageId": "registry.npmjs.org/warning/4.0.3",
    "requester": "C:\\Users\\Misse\\Documents\\code\\private\\react\\hack-the-crisis\\billboard-map",
    "status": "resolved"
  },
  "127 debug pnpm:_dependency_resolved": {
    "resolution": "registry.npmjs.org/chalk/2.4.2",
    "wanted": {
      "dependentId": "registry.npmjs.org/jest-diff/24.9.0",
      "name": "chalk",
      "rawSpec": "^2.0.1"
    }
  },
  "128 debug pnpm:_dependency_resolved": {
    "resolution": "registry.npmjs.org/react-scripts/3.4.1",
    "wanted": {
      "name": "react-scripts",
      "rawSpec": "3.4.1"
    }
  },
  "129 debug pnpm:progress": {
    "packageId": "registry.npmjs.org/react-scripts/3.4.1",
    "requester": "C:\\Users\\Misse\\Documents\\code\\private\\react\\hack-the-crisis\\billboard-map",
    "status": "resolved"
  },
  "130 debug pnpm:progress": {
    "packageId": "registry.npmjs.org/jest-matcher-utils/24.9.0",
    "requester": "C:\\Users\\Misse\\Documents\\code\\private\\react\\hack-the-crisis\\billboard-map",
    "status": "found_in_store"
  },
  "131 debug pnpm:progress": {
    "packageId": "registry.npmjs.org/render-and-add-props/0.5.0",
    "requester": "C:\\Users\\Misse\\Documents\\code\\private\\react\\hack-the-crisis\\billboard-map",
    "status": "found_in_store"
  },
  "132 debug pnpm:_dependency_resolved": {
    "resolution": "registry.npmjs.org/loose-envify/1.4.0",
    "wanted": {
      "dependentId": "registry.npmjs.org/react-dom/16.13.1",
      "name": "loose-envify",
      "rawSpec": "^1.1.0"
    }
  },
  "133 debug pnpm:progress": {
    "packageId": "registry.npmjs.org/loose-envify/1.4.0",
    "requester": "C:\\Users\\Misse\\Documents\\code\\private\\react\\hack-the-crisis\\billboard-map",
    "status": "resolved"
  },
  "134 debug pnpm:_dependency_resolved": {
    "resolution": "registry.npmjs.org/object-assign/4.1.1",
    "wanted": {
      "dependentId": "registry.npmjs.org/react-dom/16.13.1",
      "name": "object-assign",
      "rawSpec": "^4.1.1"
    }
  },
  "135 debug pnpm:progress": {
    "packageId": "registry.npmjs.org/object-assign/4.1.1",
    "requester": "C:\\Users\\Misse\\Documents\\code\\private\\react\\hack-the-crisis\\billboard-map",
    "status": "resolved"
  },
  "136 debug pnpm:_dependency_resolved": {
    "resolution": "registry.npmjs.org/loose-envify/1.4.0",
    "wanted": {
      "dependentId": "registry.npmjs.org/react/16.13.1",
      "name": "loose-envify",
      "rawSpec": "^1.1.0"
    }
  },
  "137 debug pnpm:_dependency_resolved": {
    "resolution": "registry.npmjs.org/object-assign/4.1.1",
    "wanted": {
      "dependentId": "registry.npmjs.org/react/16.13.1",
      "name": "object-assign",
      "rawSpec": "^4.1.1"
    }
  },
  "138 debug pnpm:progress": {
    "packageId": "registry.npmjs.org/react/16.13.1",
    "requester": "C:\\Users\\Misse\\Documents\\code\\private\\react\\hack-the-crisis\\billboard-map",
    "status": "found_in_store"
  },
  "139 debug pnpm:progress": {
    "packageId": "registry.npmjs.org/google-map-react/1.1.7",
    "requester": "C:\\Users\\Misse\\Documents\\code\\private\\react\\hack-the-crisis\\billboard-map",
    "status": "found_in_store"
  },
  "140 debug pnpm:_dependency_resolved": {
    "resolution": "registry.npmjs.org/object-assign/4.1.1",
    "wanted": {
      "dependentId": "registry.npmjs.org/prop-types/15.7.2",
      "name": "object-assign",
      "rawSpec": "^4.1.1"
    }
  },
  "141 debug pnpm:progress": {
    "packageId": "registry.npmjs.org/@fortawesome/fontawesome-common-types/0.2.28",
    "requester": "C:\\Users\\Misse\\Documents\\code\\private\\react\\hack-the-crisis\\billboard-map",
    "status": "found_in_store"
  },
  "142 debug pnpm:progress": {
    "packageId": "registry.npmjs.org/react-leaflet/2.6.3",
    "requester": "C:\\Users\\Misse\\Documents\\code\\private\\react\\hack-the-crisis\\billboard-map",
    "status": "found_in_store"
  },
  "143 debug pnpm:progress": {
    "packageId": "registry.npmjs.org/@types/prop-types/15.7.3",
    "requester": "C:\\Users\\Misse\\Documents\\code\\private\\react\\hack-the-crisis\\billboard-map",
    "status": "found_in_store"
  },
  "144 debug pnpm:progress": {
    "packageId": "registry.npmjs.org/eventemitter3/1.2.0",
    "requester": "C:\\Users\\Misse\\Documents\\code\\private\\react\\hack-the-crisis\\billboard-map",
    "status": "found_in_store"
  },
  "145 debug pnpm:progress": {
    "packageId": "registry.npmjs.org/fast-deep-equal/3.1.1",
    "requester": "C:\\Users\\Misse\\Documents\\code\\private\\react\\hack-the-crisis\\billboard-map",
    "status": "found_in_store"
  },
  "146 debug pnpm:progress": {
    "packageId": "registry.npmjs.org/redent/3.0.0",
    "requester": "C:\\Users\\Misse\\Documents\\code\\private\\react\\hack-the-crisis\\billboard-map",
    "status": "found_in_store"
  },
  "147 debug pnpm:progress": {
    "packageId": "registry.npmjs.org/@types/leaflet/1.5.12",
    "requester": "C:\\Users\\Misse\\Documents\\code\\private\\react\\hack-the-crisis\\billboard-map",
    "status": "found_in_store"
  },
  "148 debug pnpm:progress": {
    "packageId": "registry.npmjs.org/warning/4.0.3",
    "requester": "C:\\Users\\Misse\\Documents\\code\\private\\react\\hack-the-crisis\\billboard-map",
    "status": "found_in_store"
  },
  "149 debug pnpm:progress": {
    "packageId": "registry.npmjs.org/hoist-non-react-statics/3.3.2",
    "requester": "C:\\Users\\Misse\\Documents\\code\\private\\react\\hack-the-crisis\\billboard-map",
    "status": "found_in_store"
  },
  "150 debug pnpm:_dependency_resolved": {
    "resolution": "registry.npmjs.org/loose-envify/1.4.0",
    "wanted": {
      "dependentId": "registry.npmjs.org/prop-types/15.7.2",
      "name": "loose-envify",
      "rawSpec": "^1.4.0"
    }
  },
  "151 debug pnpm:progress": {
    "packageId": "registry.npmjs.org/loose-envify/1.4.0",
    "requester": "C:\\Users\\Misse\\Documents\\code\\private\\react\\hack-the-crisis\\billboard-map",
    "status": "found_in_store"
  },
  "152 debug pnpm:progress": {
    "packageId": "registry.npmjs.org/object-assign/4.1.1",
    "requester": "C:\\Users\\Misse\\Documents\\code\\private\\react\\hack-the-crisis\\billboard-map",
    "status": "found_in_store"
  },
  "153 debug pnpm:_dependency_resolved": {
    "resolution": "registry.npmjs.org/fsevents/2.1.2",
    "wanted": {
      "dependentId": "registry.npmjs.org/react-scripts/3.4.1",
      "name": "fsevents",
      "rawSpec": "2.1.2"
    }
  },
  "154 warn pnpm:install-check": {
    "message": "Unsupported platform for registry.npmjs.org/fsevents/2.1.2: wanted {\"cpu\":[\"any\"],\"os\":[\"darwin\"]} (current: {\"os\":\"win32\",\"cpu\":\"x64\"})",
    "prefix": "C:\\Users\\Misse\\Documents\\code\\private\\react\\hack-the-crisis\\billboard-map"
  },
  "155 debug pnpm:skipped-optional-dependency": {
    "details": "Error: Unsupported platform for registry.npmjs.org/fsevents/2.1.2: wanted {\"cpu\":[\"any\"],\"os\":[\"darwin\"]} (current: {\"os\":\"win32\",\"cpu\":\"x64\"})",
    "package": {
      "id": "registry.npmjs.org/fsevents/2.1.2",
      "name": "fsevents",
      "version": "2.1.2"
    },
    "prefix": "C:\\Users\\Misse\\Documents\\code\\private\\react\\hack-the-crisis\\billboard-map",
    "reason": "unsupported_platform"
  },
  "156 debug pnpm:progress": {
    "packageId": "registry.npmjs.org/fsevents/2.1.2",
    "requester": "C:\\Users\\Misse\\Documents\\code\\private\\react\\hack-the-crisis\\billboard-map",
    "status": "resolved"
  },
  "157 debug pnpm:_dependency_resolved": {
    "resolution": "registry.npmjs.org/@svgr/webpack/4.3.3",
    "wanted": {
      "dependentId": "registry.npmjs.org/react-scripts/3.4.1",
      "name": "@svgr/webpack",
      "rawSpec": "4.3.3"
    }
  },
  "158 debug pnpm:progress": {
    "packageId": "registry.npmjs.org/@svgr/webpack/4.3.3",
    "requester": "C:\\Users\\Misse\\Documents\\code\\private\\react\\hack-the-crisis\\billboard-map",
    "status": "resolved"
  },
  "159 debug pnpm:progress": {
    "packageId": "registry.npmjs.org/react-scripts/3.4.1",
    "requester": "C:\\Users\\Misse\\Documents\\code\\private\\react\\hack-the-crisis\\billboard-map",
    "status": "found_in_store"
  },
  "160 debug pnpm:progress": {
    "packageId": "registry.npmjs.org/@types/node/12.12.34",
    "requester": "C:\\Users\\Misse\\Documents\\code\\private\\react\\hack-the-crisis\\billboard-map",
    "status": "found_in_store"
  },
  "161 debug pnpm:_dependency_resolved": {
    "resolution": "registry.npmjs.org/@babel/core/7.9.0",
    "wanted": {
      "dependentId": "registry.npmjs.org/react-scripts/3.4.1",
      "name": "@babel/core",
      "rawSpec": "7.9.0"
    }
  },
  "162 debug pnpm:progress": {
    "packageId": "registry.npmjs.org/@babel/core/7.9.0",
    "requester": "C:\\Users\\Misse\\Documents\\code\\private\\react\\hack-the-crisis\\billboard-map",
    "status": "resolved"
  },
  "163 debug pnpm:progress": {
    "packageId": "registry.npmjs.org/@svgr/webpack/4.3.3",
    "requester": "C:\\Users\\Misse\\Documents\\code\\private\\react\\hack-the-crisis\\billboard-map",
    "status": "found_in_store"
  },
  "164 debug pnpm:_dependency_resolved": {
    "resolution": "registry.npmjs.org/babel-loader/8.1.0",
    "wanted": {
      "dependentId": "registry.npmjs.org/react-scripts/3.4.1",
      "name": "babel-loader",
      "rawSpec": "8.1.0"
    }
  },
  "165 debug pnpm:progress": {
    "packageId": "registry.npmjs.org/babel-loader/8.1.0",
    "requester": "C:\\Users\\Misse\\Documents\\code\\private\\react\\hack-the-crisis\\billboard-map",
    "status": "resolved"
  },
  "166 debug pnpm:_dependency_resolved": {
    "resolution": "registry.npmjs.org/babel-eslint/10.1.0",
    "wanted": {
      "dependentId": "registry.npmjs.org/react-scripts/3.4.1",
      "name": "babel-eslint",
      "rawSpec": "10.1.0"
    }
  },
  "167 debug pnpm:progress": {
    "packageId": "registry.npmjs.org/babel-eslint/10.1.0",
    "requester": "C:\\Users\\Misse\\Documents\\code\\private\\react\\hack-the-crisis\\billboard-map",
    "status": "resolved"
  },
  "168 debug pnpm:_dependency_resolved": {
    "resolution": "registry.npmjs.org/leaflet.markercluster/1.4.1",
    "wanted": {
      "dependentId": "registry.npmjs.org/react-leaflet-markercluster/2.0.0",
      "name": "leaflet.markercluster",
      "rawSpec": "^1.4.1"
    }
  },
  "169 debug pnpm:progress": {
    "packageId": "registry.npmjs.org/leaflet.markercluster/1.4.1",
    "requester": "C:\\Users\\Misse\\Documents\\code\\private\\react\\hack-the-crisis\\billboard-map",
    "status": "resolved"
  },
  "170 debug pnpm:_dependency_resolved": {
    "resolution": "registry.npmjs.org/react-is/16.13.1",
    "wanted": {
      "dependentId": "registry.npmjs.org/prop-types/15.7.2",
      "name": "react-is",
      "rawSpec": "^16.8.1"
    }
  },
  "171 debug pnpm:progress": {
    "packageId": "registry.npmjs.org/react-is/16.13.1",
    "requester": "C:\\Users\\Misse\\Documents\\code\\private\\react\\hack-the-crisis\\billboard-map",
    "status": "resolved"
  },
  "172 debug pnpm:progress": {
    "packageId": "registry.npmjs.org/fsevents/2.1.2",
    "requester": "C:\\Users\\Misse\\Documents\\code\\private\\react\\hack-the-crisis\\billboard-map",
    "status": "found_in_store"
  },
  "173 debug pnpm:_dependency_resolved": {
    "resolution": "registry.npmjs.org/babel-jest/24.9.0",
    "wanted": {
      "dependentId": "registry.npmjs.org/react-scripts/3.4.1",
      "name": "babel-jest",
      "rawSpec": "^24.9.0"
    }
  },
  "174 debug pnpm:progress": {
    "packageId": "registry.npmjs.org/babel-jest/24.9.0",
    "requester": "C:\\Users\\Misse\\Documents\\code\\private\\react\\hack-the-crisis\\billboard-map",
    "status": "resolved"
  },
  "175 debug pnpm:_dependency_resolved": {
    "resolution": "registry.npmjs.org/diff-sequences/24.9.0",
    "wanted": {
      "dependentId": "registry.npmjs.org/jest-diff/24.9.0",
      "name": "diff-sequences",
      "rawSpec": "^24.9.0"
    }
  },
  "176 debug pnpm:progress": {
    "packageId": "registry.npmjs.org/diff-sequences/24.9.0",
    "requester": "C:\\Users\\Misse\\Documents\\code\\private\\react\\hack-the-crisis\\billboard-map",
    "status": "resolved"
  },
  "177 debug pnpm:_dependency_resolved": {
    "resolution": "registry.npmjs.org/babel-preset-react-app/9.1.2",
    "wanted": {
      "dependentId": "registry.npmjs.org/react-scripts/3.4.1",
      "name": "babel-preset-react-app",
      "rawSpec": "^9.1.2"
    }
  },
  "178 debug pnpm:progress": {
    "packageId": "registry.npmjs.org/babel-preset-react-app/9.1.2",
    "requester": "C:\\Users\\Misse\\Documents\\code\\private\\react\\hack-the-crisis\\billboard-map",
    "status": "resolved"
  },
  "179 error pnpm": {
    "message": {
      "code": "ERR_PNPM_REGISTRY_META_RESPONSE_404",
      "package": "@types/fortawesome__free-brands-svg-icons",
      "response": {
        "size": 0,
        "timeout": 0
      },
      "uri": "https://registry.npmjs.org/@types%2Ffortawesome__free-brands-svg-icons"
    },
    "err": {
      "name": "Error",
      "message": "404 Not Found: @types/fortawesome__free-brands-svg-icons (via https://registry.npmjs.org/@types%2Ffortawesome__free-brands-svg-icons)",
      "code": "ERR_PNPM_REGISTRY_META_RESPONSE_404",
      "stack": "Error: 404 Not Found: @types/fortawesome__free-brands-svg-icons (via https://registry.npmjs.org/@types%2Ffortawesome__free-brands-svg-icons)\n    at fromRegistry (C:\\ProgramData\\nvm\\v10.15.3\\node_modules\\pnpm\\lib\\node_modules\\@pnpm\\npm-resolver\\lib\\pickPackage.js:101:15)\n    at process._tickCallback (internal/process/next_tick.js:68:7)"
    }
  },
  "180 debug pnpm:_dependency_resolved": {
    "resolution": "registry.npmjs.org/scriptjs/2.5.9",
    "wanted": {
      "dependentId": "registry.npmjs.org/google-map-react/1.1.7",
      "name": "scriptjs",
      "rawSpec": "^2.5.7"
    }
  },
  "181 debug pnpm:progress": {
    "packageId": "registry.npmjs.org/scriptjs/2.5.9",
    "requester": "C:\\Users\\Misse\\Documents\\code\\private\\react\\hack-the-crisis\\billboard-map",
    "status": "resolved"
  },
  "182 debug pnpm:_dependency_resolved": {
    "resolution": "registry.npmjs.org/scheduler/0.19.1",
    "wanted": {
      "dependentId": "registry.npmjs.org/react-dom/16.13.1",
      "name": "scheduler",
      "rawSpec": "^0.19.1"
    }
  },
  "183 debug pnpm:progress": {
    "packageId": "registry.npmjs.org/scheduler/0.19.1",
    "requester": "C:\\Users\\Misse\\Documents\\code\\private\\react\\hack-the-crisis\\billboard-map",
    "status": "resolved"
  }
}