{
  "0 debug pnpm:scope": {
    "selected": 1,
    "workspacePrefix": null
  },
  "1 debug pnpm": {
    "isCaseSensitive": false,
    "store": "C:\\Users\\Misse\\.pnpm-store\\2"
  },
  "2 debug pnpm:package-manifest": {
    "initial": {
      "name": "billboard-map",
      "version": "0.1.0",
      "private": true,
      "dependencies": {
        "@fortawesome/fontawesome-svg-core": "^1.2.28",
        "@fortawesome/free-brands-svg-icons": "^5.13.0",
        "@fortawesome/free-solid-svg-icons": "^5.13.0",
        "@fortawesome/react-fontawesome": "^0.1.9",
        "@material-ui/core": "^4.9.9",
        "@react-firebase/auth": "^0.2.10",
        "@testing-library/jest-dom": "^4.2.4",
        "@testing-library/react": "^9.5.0",
        "@testing-library/user-event": "^7.2.1",
        "@types/jest": "^24.9.1",
        "@types/node": "^12.12.34",
        "@types/react": "^16.9.32",
        "@types/react-burger-menu": "^2.6.1",
        "@types/react-dom": "^16.9.6",
        "@types/react-geosuggest": "^2.7.10",
        "firebase": "^7.13.2",
        "google-map-react": "^1.1.7",
        "leaflet": "^1.6.0",
        "react": "^16.13.1",
        "react-burger-menu": "^2.6.13",
        "react-dom": "^16.13.1",
        "react-geosuggest": "^2.12.1",
        "react-hook-form": "^5.2.0",
        "react-leaflet": "^2.6.3",
        "react-leaflet-markercluster": "^2.0.0",
        "react-scripts": "3.4.1",
        "typescript": "~3.7.5"
      },
      "scripts": {
        "start": "react-scripts start",
        "build": "react-scripts build",
        "test": "react-scripts test",
        "eject": "react-scripts eject"
      },
      "eslintConfig": {
        "extends": "react-app"
      },
      "browserslist": {
        "production": [
          ">0.2%",
          "not dead",
          "not op_mini all"
        ],
        "development": [
          "last 1 chrome version",
          "last 1 firefox version",
          "last 1 safari version"
        ]
      },
      "devDependencies": {
        "@types/google-map-react": "^1.1.5",
        "@types/react-leaflet": "^2.5.1",
        "@types/react-leaflet-markercluster": "^2.0.0"
      }
    },
    "prefix": "C:\\Users\\Misse\\Documents\\code\\private\\react\\hack-the-crisis\\billboard-map\\web"
  },
  "3 debug pnpm:stage": {
    "prefix": "C:\\Users\\Misse\\Documents\\code\\private\\react\\hack-the-crisis\\billboard-map\\web",
    "stage": "resolution_started"
  },
  "4 debug pnpm:_dependency_resolved": {
    "resolution": "registry.npmjs.org/@testing-library/jest-dom/4.2.4",
    "wanted": {
      "name": "@testing-library/jest-dom",
      "rawSpec": "^4.2.4"
    }
  },
  "5 debug pnpm:progress": {
    "packageId": "registry.npmjs.org/@testing-library/jest-dom/4.2.4",
    "requester": "C:\\Users\\Misse\\Documents\\code\\private\\react\\hack-the-crisis\\billboard-map\\web",
    "status": "resolved"
  },
  "6 debug pnpm:_dependency_resolved": {
    "resolution": "registry.npmjs.org/@types/react-leaflet/2.5.1",
    "wanted": {
      "name": "@types/react-leaflet",
      "rawSpec": "^2.5.1"
    }
  },
  "7 debug pnpm:progress": {
    "packageId": "registry.npmjs.org/@types/react-leaflet/2.5.1",
    "requester": "C:\\Users\\Misse\\Documents\\code\\private\\react\\hack-the-crisis\\billboard-map\\web",
    "status": "resolved"
  },
  "8 debug pnpm:_dependency_resolved": {
    "resolution": "registry.npmjs.org/@types/google-map-react/1.1.5",
    "wanted": {
      "name": "@types/google-map-react",
      "rawSpec": "^1.1.5"
    }
  },
  "9 debug pnpm:progress": {
    "packageId": "registry.npmjs.org/@types/google-map-react/1.1.5",
    "requester": "C:\\Users\\Misse\\Documents\\code\\private\\react\\hack-the-crisis\\billboard-map\\web",
    "status": "resolved"
  },
  "10 debug pnpm:_dependency_resolved": {
    "resolution": "registry.npmjs.org/@types/react-dom/16.9.6",
    "wanted": {
      "name": "@types/react-dom",
      "rawSpec": "^16.9.6"
    }
  },
  "11 debug pnpm:progress": {
    "packageId": "registry.npmjs.org/@types/react-dom/16.9.6",
    "requester": "C:\\Users\\Misse\\Documents\\code\\private\\react\\hack-the-crisis\\billboard-map\\web",
    "status": "resolved"
  },
  "12 debug pnpm:progress": {
    "packageId": "registry.npmjs.org/@types/google-map-react/1.1.5",
    "requester": "C:\\Users\\Misse\\Documents\\code\\private\\react\\hack-the-crisis\\billboard-map\\web",
    "status": "found_in_store"
  },
  "13 debug pnpm:_dependency_resolved": {
    "resolution": "registry.npmjs.org/@fortawesome/fontawesome-svg-core/1.2.28",
    "wanted": {
      "name": "@fortawesome/fontawesome-svg-core",
      "rawSpec": "^1.2.28"
    }
  },
  "14 debug pnpm:progress": {
    "packageId": "registry.npmjs.org/@fortawesome/fontawesome-svg-core/1.2.28",
    "requester": "C:\\Users\\Misse\\Documents\\code\\private\\react\\hack-the-crisis\\billboard-map\\web",
    "status": "resolved"
  },
  "15 debug pnpm:_dependency_resolved": {
    "resolution": "registry.npmjs.org/@types/react/16.9.32",
    "wanted": {
      "name": "@types/react",
      "rawSpec": "^16.9.32"
    }
  },
  "16 debug pnpm:progress": {
    "packageId": "registry.npmjs.org/@types/react/16.9.32",
    "requester": "C:\\Users\\Misse\\Documents\\code\\private\\react\\hack-the-crisis\\billboard-map\\web",
    "status": "resolved"
  },
  "17 debug pnpm:_dependency_resolved": {
    "resolution": "registry.npmjs.org/@fortawesome/free-solid-svg-icons/5.13.0",
    "wanted": {
      "name": "@fortawesome/free-solid-svg-icons",
      "rawSpec": "^5.13.0"
    }
  },
  "18 debug pnpm:progress": {
    "packageId": "registry.npmjs.org/@fortawesome/free-solid-svg-icons/5.13.0",
    "requester": "C:\\Users\\Misse\\Documents\\code\\private\\react\\hack-the-crisis\\billboard-map\\web",
    "status": "resolved"
  },
  "19 debug pnpm:progress": {
    "packageId": "registry.npmjs.org/@types/react-leaflet/2.5.1",
    "requester": "C:\\Users\\Misse\\Documents\\code\\private\\react\\hack-the-crisis\\billboard-map\\web",
    "status": "found_in_store"
  },
  "20 debug pnpm:_dependency_resolved": {
    "resolution": "registry.npmjs.org/leaflet/1.6.0",
    "wanted": {
      "name": "leaflet",
      "rawSpec": "^1.6.0"
    }
  },
  "21 debug pnpm:progress": {
    "packageId": "registry.npmjs.org/leaflet/1.6.0",
    "requester": "C:\\Users\\Misse\\Documents\\code\\private\\react\\hack-the-crisis\\billboard-map\\web",
    "status": "resolved"
  },
  "22 debug pnpm:progress": {
    "packageId": "registry.npmjs.org/@testing-library/jest-dom/4.2.4",
    "requester": "C:\\Users\\Misse\\Documents\\code\\private\\react\\hack-the-crisis\\billboard-map\\web",
    "status": "found_in_store"
  },
  "23 debug pnpm:progress": {
    "packageId": "registry.npmjs.org/@types/react-dom/16.9.6",
    "requester": "C:\\Users\\Misse\\Documents\\code\\private\\react\\hack-the-crisis\\billboard-map\\web",
    "status": "found_in_store"
  },
  "24 debug pnpm:_dependency_resolved": {
    "resolution": "registry.npmjs.org/@types/node/12.12.34",
    "wanted": {
      "name": "@types/node",
      "rawSpec": "^12.12.34"
    }
  },
  "25 debug pnpm:progress": {
    "packageId": "registry.npmjs.org/@types/node/12.12.34",
    "requester": "C:\\Users\\Misse\\Documents\\code\\private\\react\\hack-the-crisis\\billboard-map\\web",
    "status": "resolved"
  },
  "26 debug pnpm:_dependency_resolved": {
    "resolution": "registry.npmjs.org/google-map-react/1.1.7",
    "wanted": {
      "name": "google-map-react",
      "rawSpec": "^1.1.7"
    }
  },
  "27 debug pnpm:progress": {
    "packageId": "registry.npmjs.org/google-map-react/1.1.7",
    "requester": "C:\\Users\\Misse\\Documents\\code\\private\\react\\hack-the-crisis\\billboard-map\\web",
    "status": "resolved"
  },
  "28 debug pnpm:_dependency_resolved": {
    "resolution": "registry.npmjs.org/react-dom/16.13.1",
    "wanted": {
      "name": "react-dom",
      "rawSpec": "^16.13.1"
    }
  },
  "29 debug pnpm:progress": {
    "packageId": "registry.npmjs.org/react-dom/16.13.1",
    "requester": "C:\\Users\\Misse\\Documents\\code\\private\\react\\hack-the-crisis\\billboard-map\\web",
    "status": "resolved"
  },
  "30 debug pnpm:_dependency_resolved": {
    "resolution": "registry.npmjs.org/react-geosuggest/2.12.1",
    "wanted": {
      "name": "react-geosuggest",
      "rawSpec": "^2.12.1"
    }
  },
  "31 debug pnpm:progress": {
    "packageId": "registry.npmjs.org/react-geosuggest/2.12.1",
    "requester": "C:\\Users\\Misse\\Documents\\code\\private\\react\\hack-the-crisis\\billboard-map\\web",
    "status": "resolved"
  },
  "32 debug pnpm:_dependency_resolved": {
    "resolution": "registry.npmjs.org/react/16.13.1",
    "wanted": {
      "name": "react",
      "rawSpec": "^16.13.1"
    }
  },
  "33 debug pnpm:progress": {
    "packageId": "registry.npmjs.org/react/16.13.1",
    "requester": "C:\\Users\\Misse\\Documents\\code\\private\\react\\hack-the-crisis\\billboard-map\\web",
    "status": "resolved"
  },
  "34 debug pnpm:_dependency_resolved": {
    "resolution": "registry.npmjs.org/@testing-library/react/9.5.0",
    "wanted": {
      "name": "@testing-library/react",
      "rawSpec": "^9.5.0"
    }
  },
  "35 debug pnpm:progress": {
    "packageId": "registry.npmjs.org/@testing-library/react/9.5.0",
    "requester": "C:\\Users\\Misse\\Documents\\code\\private\\react\\hack-the-crisis\\billboard-map\\web",
    "status": "resolved"
  },
  "36 debug pnpm:_dependency_resolved": {
    "resolution": "registry.npmjs.org/@types/jest/24.9.1",
    "wanted": {
      "name": "@types/jest",
      "rawSpec": "^24.9.1"
    }
  },
  "37 debug pnpm:progress": {
    "packageId": "registry.npmjs.org/@types/jest/24.9.1",
    "requester": "C:\\Users\\Misse\\Documents\\code\\private\\react\\hack-the-crisis\\billboard-map\\web",
    "status": "resolved"
  },
  "38 debug pnpm:_dependency_resolved": {
    "resolution": "registry.npmjs.org/react-hook-form/5.2.0",
    "wanted": {
      "name": "react-hook-form",
      "rawSpec": "^5.2.0"
    }
  },
  "39 debug pnpm:progress": {
    "packageId": "registry.npmjs.org/react-hook-form/5.2.0",
    "requester": "C:\\Users\\Misse\\Documents\\code\\private\\react\\hack-the-crisis\\billboard-map\\web",
    "status": "resolved"
  },
  "40 debug pnpm:_dependency_resolved": {
    "resolution": "registry.npmjs.org/react-leaflet/2.6.3",
    "wanted": {
      "name": "react-leaflet",
      "rawSpec": "^2.6.3"
    }
  },
  "41 debug pnpm:progress": {
    "packageId": "registry.npmjs.org/react-leaflet/2.6.3",
    "requester": "C:\\Users\\Misse\\Documents\\code\\private\\react\\hack-the-crisis\\billboard-map\\web",
    "status": "resolved"
  },
  "42 debug pnpm:_dependency_resolved": {
    "resolution": "registry.npmjs.org/chalk/2.4.2",
    "wanted": {
      "dependentId": "registry.npmjs.org/@testing-library/jest-dom/4.2.4",
      "name": "chalk",
      "rawSpec": "^2.4.1"
    }
  },
  "43 debug pnpm:progress": {
    "packageId": "registry.npmjs.org/chalk/2.4.2",
    "requester": "C:\\Users\\Misse\\Documents\\code\\private\\react\\hack-the-crisis\\billboard-map\\web",
    "status": "resolved"
  },
  "44 debug pnpm:progress": {
    "packageId": "registry.npmjs.org/@fortawesome/fontawesome-svg-core/1.2.28",
    "requester": "C:\\Users\\Misse\\Documents\\code\\private\\react\\hack-the-crisis\\billboard-map\\web",
    "status": "found_in_store"
  },
  "45 debug pnpm:_dependency_resolved": {
    "resolution": "registry.npmjs.org/@babel/runtime/7.9.2",
    "wanted": {
      "dependentId": "registry.npmjs.org/@testing-library/jest-dom/4.2.4",
      "name": "@babel/runtime",
      "rawSpec": "^7.5.1"
    }
  },
  "46 debug pnpm:progress": {
    "packageId": "registry.npmjs.org/@babel/runtime/7.9.2",
    "requester": "C:\\Users\\Misse\\Documents\\code\\private\\react\\hack-the-crisis\\billboard-map\\web",
    "status": "resolved"
  },
  "47 debug pnpm:progress": {
    "packageId": "registry.npmjs.org/@types/react/16.9.32",
    "requester": "C:\\Users\\Misse\\Documents\\code\\private\\react\\hack-the-crisis\\billboard-map\\web",
    "status": "found_in_store"
  },
  "48 debug pnpm:_dependency_resolved": {
    "resolution": "registry.npmjs.org/jest-diff/24.9.0",
    "wanted": {
      "dependentId": "registry.npmjs.org/@testing-library/jest-dom/4.2.4",
      "name": "jest-diff",
      "rawSpec": "^24.0.0"
    }
  },
  "49 debug pnpm:progress": {
    "packageId": "registry.npmjs.org/jest-diff/24.9.0",
    "requester": "C:\\Users\\Misse\\Documents\\code\\private\\react\\hack-the-crisis\\billboard-map\\web",
    "status": "resolved"
  },
  "50 debug pnpm:_dependency_resolved": {
    "resolution": "registry.npmjs.org/css.escape/1.5.1",
    "wanted": {
      "dependentId": "registry.npmjs.org/@testing-library/jest-dom/4.2.4",
      "name": "css.escape",
      "rawSpec": "^1.5.1"
    }
  },
  "51 debug pnpm:progress": {
    "packageId": "registry.npmjs.org/css.escape/1.5.1",
    "requester": "C:\\Users\\Misse\\Documents\\code\\private\\react\\hack-the-crisis\\billboard-map\\web",
    "status": "resolved"
  },
  "52 debug pnpm:_dependency_resolved": {
    "resolution": "registry.npmjs.org/lodash/4.17.15",
    "wanted": {
      "dependentId": "registry.npmjs.org/@testing-library/jest-dom/4.2.4",
      "name": "lodash",
      "rawSpec": "^4.17.11"
    }
  },
  "53 debug pnpm:progress": {
    "packageId": "registry.npmjs.org/lodash/4.17.15",
    "requester": "C:\\Users\\Misse\\Documents\\code\\private\\react\\hack-the-crisis\\billboard-map\\web",
    "status": "resolved"
  },
  "54 debug pnpm:_dependency_resolved": {
    "resolution": "registry.npmjs.org/@fortawesome/free-brands-svg-icons/5.13.0",
    "wanted": {
      "name": "@fortawesome/free-brands-svg-icons",
      "rawSpec": "^5.13.0"
    }
  },
  "55 debug pnpm:progress": {
    "packageId": "registry.npmjs.org/@fortawesome/free-brands-svg-icons/5.13.0",
    "requester": "C:\\Users\\Misse\\Documents\\code\\private\\react\\hack-the-crisis\\billboard-map\\web",
    "status": "resolved"
  },
  "56 debug pnpm:_dependency_resolved": {
    "resolution": "registry.npmjs.org/@types/react-burger-menu/2.6.1",
    "wanted": {
      "name": "@types/react-burger-menu",
      "rawSpec": "^2.6.1"
    }
  },
  "57 debug pnpm:progress": {
    "packageId": "registry.npmjs.org/@types/react-burger-menu/2.6.1",
    "requester": "C:\\Users\\Misse\\Documents\\code\\private\\react\\hack-the-crisis\\billboard-map\\web",
    "status": "resolved"
  },
  "58 debug pnpm:_dependency_resolved": {
    "resolution": "registry.npmjs.org/css/2.2.4",
    "wanted": {
      "dependentId": "registry.npmjs.org/@testing-library/jest-dom/4.2.4",
      "name": "css",
      "rawSpec": "^2.2.3"
    }
  },
  "59 debug pnpm:progress": {
    "packageId": "registry.npmjs.org/css/2.2.4",
    "requester": "C:\\Users\\Misse\\Documents\\code\\private\\react\\hack-the-crisis\\billboard-map\\web",
    "status": "resolved"
  },
  "60 debug pnpm:_dependency_resolved": {
    "resolution": "registry.npmjs.org/@types/react-leaflet-markercluster/2.0.0",
    "wanted": {
      "name": "@types/react-leaflet-markercluster",
      "rawSpec": "^2.0.0"
    }
  },
  "61 debug pnpm:progress": {
    "packageId": "registry.npmjs.org/@types/react-leaflet-markercluster/2.0.0",
    "requester": "C:\\Users\\Misse\\Documents\\code\\private\\react\\hack-the-crisis\\billboard-map\\web",
    "status": "resolved"
  },
  "62 debug pnpm:_dependency_resolved": {
    "resolution": "registry.npmjs.org/@types/react/16.9.32",
    "wanted": {
      "dependentId": "registry.npmjs.org/@types/react-leaflet/2.5.1",
      "name": "@types/react",
      "rawSpec": "*"
    }
  },
  "63 debug pnpm:_dependency_resolved": {
    "resolution": "registry.npmjs.org/@types/react/16.9.32",
    "wanted": {
      "dependentId": "registry.npmjs.org/@types/google-map-react/1.1.5",
      "name": "@types/react",
      "rawSpec": "*"
    }
  },
  "64 debug pnpm:_dependency_resolved": {
    "resolution": "registry.npmjs.org/@types/react/16.9.32",
    "wanted": {
      "dependentId": "registry.npmjs.org/@types/react-dom/16.9.6",
      "name": "@types/react",
      "rawSpec": "*"
    }
  },
  "65 debug pnpm:_dependency_resolved": {
    "resolution": "registry.npmjs.org/@fortawesome/react-fontawesome/0.1.9",
    "wanted": {
      "name": "@fortawesome/react-fontawesome",
      "rawSpec": "^0.1.9"
    }
  },
  "66 debug pnpm:progress": {
    "packageId": "registry.npmjs.org/@fortawesome/react-fontawesome/0.1.9",
    "requester": "C:\\Users\\Misse\\Documents\\code\\private\\react\\hack-the-crisis\\billboard-map\\web",
    "status": "resolved"
  },
  "67 debug pnpm:_dependency_resolved": {
    "resolution": "registry.npmjs.org/@types/react-geosuggest/2.7.10",
    "wanted": {
      "name": "@types/react-geosuggest",
      "rawSpec": "^2.7.10"
    }
  },
  "68 debug pnpm:progress": {
    "packageId": "registry.npmjs.org/@types/react-geosuggest/2.7.10",
    "requester": "C:\\Users\\Misse\\Documents\\code\\private\\react\\hack-the-crisis\\billboard-map\\web",
    "status": "resolved"
  },
  "69 debug pnpm:_dependency_resolved": {
    "resolution": "registry.npmjs.org/redent/3.0.0",
    "wanted": {
      "dependentId": "registry.npmjs.org/@testing-library/jest-dom/4.2.4",
      "name": "redent",
      "rawSpec": "^3.0.0"
    }
  },
  "70 debug pnpm:progress": {
    "packageId": "registry.npmjs.org/redent/3.0.0",
    "requester": "C:\\Users\\Misse\\Documents\\code\\private\\react\\hack-the-crisis\\billboard-map\\web",
    "status": "resolved"
  },
  "71 debug pnpm:_dependency_resolved": {
    "resolution": "registry.npmjs.org/@types/leaflet/1.5.12",
    "wanted": {
      "dependentId": "registry.npmjs.org/@types/react-leaflet/2.5.1",
      "name": "@types/leaflet",
      "rawSpec": "*"
    }
  },
  "72 debug pnpm:progress": {
    "packageId": "registry.npmjs.org/@types/leaflet/1.5.12",
    "requester": "C:\\Users\\Misse\\Documents\\code\\private\\react\\hack-the-crisis\\billboard-map\\web",
    "status": "resolved"
  },
  "73 debug pnpm:_dependency_resolved": {
    "resolution": "registry.npmjs.org/pretty-format/24.9.0",
    "wanted": {
      "dependentId": "registry.npmjs.org/@testing-library/jest-dom/4.2.4",
      "name": "pretty-format",
      "rawSpec": "^24.0.0"
    }
  },
  "74 debug pnpm:progress": {
    "packageId": "registry.npmjs.org/pretty-format/24.9.0",
    "requester": "C:\\Users\\Misse\\Documents\\code\\private\\react\\hack-the-crisis\\billboard-map\\web",
    "status": "resolved"
  },
  "75 debug pnpm:_dependency_resolved": {
    "resolution": "registry.npmjs.org/jest-matcher-utils/24.9.0",
    "wanted": {
      "dependentId": "registry.npmjs.org/@testing-library/jest-dom/4.2.4",
      "name": "jest-matcher-utils",
      "rawSpec": "^24.0.0"
    }
  },
  "76 debug pnpm:progress": {
    "packageId": "registry.npmjs.org/jest-matcher-utils/24.9.0",
    "requester": "C:\\Users\\Misse\\Documents\\code\\private\\react\\hack-the-crisis\\billboard-map\\web",
    "status": "resolved"
  },
  "77 debug pnpm:_dependency_resolved": {
    "resolution": "registry.npmjs.org/prop-types/15.7.2",
    "wanted": {
      "dependentId": "registry.npmjs.org/google-map-react/1.1.7",
      "name": "prop-types",
      "rawSpec": "^15.5.6"
    }
  },
  "78 debug pnpm:progress": {
    "packageId": "registry.npmjs.org/prop-types/15.7.2",
    "requester": "C:\\Users\\Misse\\Documents\\code\\private\\react\\hack-the-crisis\\billboard-map\\web",
    "status": "resolved"
  },
  "79 debug pnpm:_dependency_resolved": {
    "resolution": "registry.npmjs.org/firebase/7.13.2",
    "wanted": {
      "name": "firebase",
      "rawSpec": "^7.13.2"
    }
  },
  "80 debug pnpm:progress": {
    "packageId": "registry.npmjs.org/firebase/7.13.2",
    "requester": "C:\\Users\\Misse\\Documents\\code\\private\\react\\hack-the-crisis\\billboard-map\\web",
    "status": "resolved"
  },
  "81 debug pnpm:_dependency_resolved": {
    "resolution": "registry.npmjs.org/prop-types/15.7.2",
    "wanted": {
      "dependentId": "registry.npmjs.org/react-dom/16.13.1",
      "name": "prop-types",
      "rawSpec": "^15.6.2"
    }
  },
  "82 debug pnpm:_dependency_resolved": {
    "resolution": "registry.npmjs.org/@material-ui/core/4.9.9",
    "wanted": {
      "name": "@material-ui/core",
      "rawSpec": "^4.9.9"
    }
  },
  "83 debug pnpm:progress": {
    "packageId": "registry.npmjs.org/@material-ui/core/4.9.9",
    "requester": "C:\\Users\\Misse\\Documents\\code\\private\\react\\hack-the-crisis\\billboard-map\\web",
    "status": "resolved"
  },
  "84 debug pnpm:_dependency_resolved": {
    "resolution": "registry.npmjs.org/@testing-library/user-event/7.2.1",
    "wanted": {
      "name": "@testing-library/user-event",
      "rawSpec": "^7.2.1"
    }
  },
  "85 debug pnpm:progress": {
    "packageId": "registry.npmjs.org/@testing-library/user-event/7.2.1",
    "requester": "C:\\Users\\Misse\\Documents\\code\\private\\react\\hack-the-crisis\\billboard-map\\web",
    "status": "resolved"
  },
  "86 debug pnpm:_dependency_resolved": {
    "resolution": "registry.npmjs.org/scriptjs/2.5.9",
    "wanted": {
      "dependentId": "registry.npmjs.org/google-map-react/1.1.7",
      "name": "scriptjs",
      "rawSpec": "^2.5.7"
    }
  },
  "87 debug pnpm:progress": {
    "packageId": "registry.npmjs.org/scriptjs/2.5.9",
    "requester": "C:\\Users\\Misse\\Documents\\code\\private\\react\\hack-the-crisis\\billboard-map\\web",
    "status": "resolved"
  },
  "88 debug pnpm:_dependency_resolved": {
    "resolution": "registry.npmjs.org/react-burger-menu/2.6.13",
    "wanted": {
      "name": "react-burger-menu",
      "rawSpec": "^2.6.13"
    }
  },
  "89 debug pnpm:progress": {
    "packageId": "registry.npmjs.org/react-burger-menu/2.6.13",
    "requester": "C:\\Users\\Misse\\Documents\\code\\private\\react\\hack-the-crisis\\billboard-map\\web",
    "status": "resolved"
  },
  "90 debug pnpm:_dependency_resolved": {
    "resolution": "registry.npmjs.org/eventemitter3/1.2.0",
    "wanted": {
      "dependentId": "registry.npmjs.org/google-map-react/1.1.7",
      "name": "eventemitter3",
      "rawSpec": "^1.1.0"
    }
  },
  "91 debug pnpm:progress": {
    "packageId": "registry.npmjs.org/eventemitter3/1.2.0",
    "requester": "C:\\Users\\Misse\\Documents\\code\\private\\react\\hack-the-crisis\\billboard-map\\web",
    "status": "resolved"
  },
  "92 debug pnpm:_dependency_resolved": {
    "resolution": "registry.npmjs.org/object-assign/4.1.1",
    "wanted": {
      "dependentId": "registry.npmjs.org/react-dom/16.13.1",
      "name": "object-assign",
      "rawSpec": "^4.1.1"
    }
  },
  "93 debug pnpm:progress": {
    "packageId": "registry.npmjs.org/object-assign/4.1.1",
    "requester": "C:\\Users\\Misse\\Documents\\code\\private\\react\\hack-the-crisis\\billboard-map\\web",
    "status": "resolved"
  },
  "94 debug pnpm:_dependency_resolved": {
    "resolution": "registry.npmjs.org/prop-types/15.7.2",
    "wanted": {
      "dependentId": "registry.npmjs.org/react/16.13.1",
      "name": "prop-types",
      "rawSpec": "^15.6.2"
    }
  },
  "95 debug pnpm:_dependency_resolved": {
    "resolution": "registry.npmjs.org/@babel/runtime/7.9.2",
    "wanted": {
      "dependentId": "registry.npmjs.org/@testing-library/react/9.5.0",
      "name": "@babel/runtime",
      "rawSpec": "^7.8.4"
    }
  },
  "96 debug pnpm:_dependency_resolved": {
    "resolution": "registry.npmjs.org/csstype/2.6.10",
    "wanted": {
      "dependentId": "registry.npmjs.org/@types/react/16.9.32",
      "name": "csstype",
      "rawSpec": "^2.2.0"
    }
  },
  "97 debug pnpm:progress": {
    "packageId": "registry.npmjs.org/csstype/2.6.10",
    "requester": "C:\\Users\\Misse\\Documents\\code\\private\\react\\hack-the-crisis\\billboard-map\\web",
    "status": "resolved"
  },
  "98 debug pnpm:_dependency_resolved": {
    "resolution": "registry.npmjs.org/scheduler/0.19.1",
    "wanted": {
      "dependentId": "registry.npmjs.org/react-dom/16.13.1",
      "name": "scheduler",
      "rawSpec": "^0.19.1"
    }
  },
  "99 debug pnpm:progress": {
    "packageId": "registry.npmjs.org/scheduler/0.19.1",
    "requester": "C:\\Users\\Misse\\Documents\\code\\private\\react\\hack-the-crisis\\billboard-map\\web",
    "status": "resolved"
  },
  "100 debug pnpm:_dependency_resolved": {
    "resolution": "registry.npmjs.org/jest-diff/24.9.0",
    "wanted": {
      "dependentId": "registry.npmjs.org/@types/jest/24.9.1",
      "name": "jest-diff",
      "rawSpec": "^24.3.0"
    }
  },
  "101 debug pnpm:_dependency_resolved": {
    "resolution": "registry.npmjs.org/@babel/runtime/7.9.2",
    "wanted": {
      "dependentId": "registry.npmjs.org/react-leaflet/2.6.3",
      "name": "@babel/runtime",
      "rawSpec": "^7.8.7"
    }
  },
  "102 debug pnpm:_dependency_resolved": {
    "resolution": "registry.npmjs.org/classnames/2.2.6",
    "wanted": {
      "dependentId": "registry.npmjs.org/react-geosuggest/2.12.1",
      "name": "classnames",
      "rawSpec": "^2.2.6"
    }
  },
  "103 debug pnpm:progress": {
    "packageId": "registry.npmjs.org/classnames/2.2.6",
    "requester": "C:\\Users\\Misse\\Documents\\code\\private\\react\\hack-the-crisis\\billboard-map\\web",
    "status": "resolved"
  },
  "104 debug pnpm:_dependency_resolved": {
    "resolution": "registry.npmjs.org/lodash.debounce/4.0.8",
    "wanted": {
      "dependentId": "registry.npmjs.org/react-geosuggest/2.12.1",
      "name": "lodash.debounce",
      "rawSpec": "^4.0.6"
    }
  },
  "105 debug pnpm:progress": {
    "packageId": "registry.npmjs.org/lodash.debounce/4.0.8",
    "requester": "C:\\Users\\Misse\\Documents\\code\\private\\react\\hack-the-crisis\\billboard-map\\web",
    "status": "resolved"
  },
  "106 debug pnpm:_dependency_resolved": {
    "resolution": "registry.npmjs.org/loose-envify/1.4.0",
    "wanted": {
      "dependentId": "registry.npmjs.org/react-dom/16.13.1",
      "name": "loose-envify",
      "rawSpec": "^1.1.0"
    }
  },
  "107 debug pnpm:progress": {
    "packageId": "registry.npmjs.org/loose-envify/1.4.0",
    "requester": "C:\\Users\\Misse\\Documents\\code\\private\\react\\hack-the-crisis\\billboard-map\\web",
    "status": "resolved"
  },
  "108 debug pnpm:_dependency_resolved": {
    "resolution": "registry.npmjs.org/loose-envify/1.4.0",
    "wanted": {
      "dependentId": "registry.npmjs.org/react/16.13.1",
      "name": "loose-envify",
      "rawSpec": "^1.1.0"
    }
  },
  "109 debug pnpm:_dependency_resolved": {
    "resolution": "registry.npmjs.org/@types/react/16.9.32",
    "wanted": {
      "dependentId": "registry.npmjs.org/@types/react-burger-menu/2.6.1",
      "name": "@types/react",
      "rawSpec": "*"
    }
  },
  "110 debug pnpm:_dependency_resolved": {
    "resolution": "registry.npmjs.org/@types/leaflet/1.5.12",
    "wanted": {
      "dependentId": "registry.npmjs.org/@types/react-leaflet-markercluster/2.0.0",
      "name": "@types/leaflet",
      "rawSpec": "*"
    }
  },
  "111 debug pnpm:_dependency_resolved": {
    "resolution": "registry.npmjs.org/@types/react-leaflet/2.5.1",
    "wanted": {
      "dependentId": "registry.npmjs.org/@types/react-leaflet-markercluster/2.0.0",
      "name": "@types/react-leaflet",
      "rawSpec": "*"
    }
  },
  "112 debug pnpm:_dependency_resolved": {
    "resolution": "registry.npmjs.org/object-assign/4.1.1",
    "wanted": {
      "dependentId": "registry.npmjs.org/react/16.13.1",
      "name": "object-assign",
      "rawSpec": "^4.1.1"
    }
  },
  "113 debug pnpm:_dependency_resolved": {
    "resolution": "registry.npmjs.org/prop-types/15.7.2",
    "wanted": {
      "dependentId": "registry.npmjs.org/@fortawesome/react-fontawesome/0.1.9",
      "name": "prop-types",
      "rawSpec": "^15.7.2"
    }
  },
  "114 debug pnpm:_dependency_resolved": {
    "resolution": "registry.npmjs.org/@fortawesome/fontawesome-common-types/0.2.28",
    "wanted": {
      "dependentId": "registry.npmjs.org/@fortawesome/fontawesome-svg-core/1.2.28",
      "name": "@fortawesome/fontawesome-common-types",
      "rawSpec": "^0.2.28"
    }
  },
  "115 debug pnpm:progress": {
    "packageId": "registry.npmjs.org/@fortawesome/fontawesome-common-types/0.2.28",
    "requester": "C:\\Users\\Misse\\Documents\\code\\private\\react\\hack-the-crisis\\billboard-map\\web",
    "status": "resolved"
  },
  "116 debug pnpm:_dependency_resolved": {
    "resolution": "registry.npmjs.org/react-leaflet-markercluster/2.0.0",
    "wanted": {
      "name": "react-leaflet-markercluster",
      "rawSpec": "^2.0.0"
    }
  },
  "117 debug pnpm:progress": {
    "packageId": "registry.npmjs.org/react-leaflet-markercluster/2.0.0",
    "requester": "C:\\Users\\Misse\\Documents\\code\\private\\react\\hack-the-crisis\\billboard-map\\web",
    "status": "resolved"
  },
  "118 debug pnpm:_dependency_resolved": {
    "resolution": "registry.npmjs.org/@testing-library/dom/6.16.0",
    "wanted": {
      "dependentId": "registry.npmjs.org/@testing-library/react/9.5.0",
      "name": "@testing-library/dom",
      "rawSpec": "^6.15.0"
    }
  },
  "119 debug pnpm:progress": {
    "packageId": "registry.npmjs.org/@testing-library/dom/6.16.0",
    "requester": "C:\\Users\\Misse\\Documents\\code\\private\\react\\hack-the-crisis\\billboard-map\\web",
    "status": "resolved"
  },
  "120 debug pnpm:_dependency_resolved": {
    "resolution": "registry.npmjs.org/typescript/3.7.5",
    "wanted": {
      "name": "typescript",
      "rawSpec": "~3.7.5"
    }
  },
  "121 debug pnpm:progress": {
    "packageId": "registry.npmjs.org/typescript/3.7.5",
    "requester": "C:\\Users\\Misse\\Documents\\code\\private\\react\\hack-the-crisis\\billboard-map\\web",
    "status": "resolved"
  },
  "122 debug pnpm:_dependency_resolved": {
    "resolution": "registry.npmjs.org/chalk/2.4.2",
    "wanted": {
      "dependentId": "registry.npmjs.org/jest-diff/24.9.0",
      "name": "chalk",
      "rawSpec": "^2.0.1"
    }
  },
  "123 debug pnpm:_dependency_resolved": {
    "resolution": "registry.npmjs.org/@types/prop-types/15.7.3",
    "wanted": {
      "dependentId": "registry.npmjs.org/@types/react/16.9.32",
      "name": "@types/prop-types",
      "rawSpec": "*"
    }
  },
  "124 debug pnpm:progress": {
    "packageId": "registry.npmjs.org/@types/prop-types/15.7.3",
    "requester": "C:\\Users\\Misse\\Documents\\code\\private\\react\\hack-the-crisis\\billboard-map\\web",
    "status": "resolved"
  },
  "125 debug pnpm:_dependency_resolved": {
    "resolution": "registry.npmjs.org/pretty-format/24.9.0",
    "wanted": {
      "dependentId": "registry.npmjs.org/jest-diff/24.9.0",
      "name": "pretty-format",
      "rawSpec": "^24.9.0"
    }
  },
  "126 debug pnpm:_dependency_resolved": {
    "resolution": "registry.npmjs.org/@types/testing-library__react/9.1.3",
    "wanted": {
      "dependentId": "registry.npmjs.org/@testing-library/react/9.5.0",
      "name": "@types/testing-library__react",
      "rawSpec": "^9.1.2"
    }
  },
  "127 debug pnpm:progress": {
    "packageId": "registry.npmjs.org/@types/testing-library__react/9.1.3",
    "requester": "C:\\Users\\Misse\\Documents\\code\\private\\react\\hack-the-crisis\\billboard-map\\web",
    "status": "resolved"
  },
  "128 debug pnpm:_dependency_resolved": {
    "resolution": "registry.npmjs.org/hoist-non-react-statics/3.3.2",
    "wanted": {
      "dependentId": "registry.npmjs.org/react-leaflet/2.6.3",
      "name": "hoist-non-react-statics",
      "rawSpec": "^3.3.2"
    }
  },
  "129 debug pnpm:progress": {
    "packageId": "registry.npmjs.org/hoist-non-react-statics/3.3.2",
    "requester": "C:\\Users\\Misse\\Documents\\code\\private\\react\\hack-the-crisis\\billboard-map\\web",
    "status": "resolved"
  },
  "130 debug pnpm:_dependency_resolved": {
    "resolution": "registry.npmjs.org/fast-deep-equal/3.1.1",
    "wanted": {
      "dependentId": "registry.npmjs.org/react-leaflet/2.6.3",
      "name": "fast-deep-equal",
      "rawSpec": "^3.1.1"
    }
  },
  "131 debug pnpm:progress": {
    "packageId": "registry.npmjs.org/fast-deep-equal/3.1.1",
    "requester": "C:\\Users\\Misse\\Documents\\code\\private\\react\\hack-the-crisis\\billboard-map\\web",
    "status": "resolved"
  },
  "132 debug pnpm:_dependency_resolved": {
    "resolution": "registry.npmjs.org/warning/4.0.3",
    "wanted": {
      "dependentId": "registry.npmjs.org/react-leaflet/2.6.3",
      "name": "warning",
      "rawSpec": "^4.0.3"
    }
  },
  "133 debug pnpm:progress": {
    "packageId": "registry.npmjs.org/warning/4.0.3",
    "requester": "C:\\Users\\Misse\\Documents\\code\\private\\react\\hack-the-crisis\\billboard-map\\web",
    "status": "resolved"
  },
  "134 debug pnpm:_dependency_resolved": {
    "resolution": "registry.npmjs.org/@fortawesome/fontawesome-common-types/0.2.28",
    "wanted": {
      "dependentId": "registry.npmjs.org/@fortawesome/free-brands-svg-icons/5.13.0",
      "name": "@fortawesome/fontawesome-common-types",
      "rawSpec": "^0.2.28"
    }
  },
  "135 debug pnpm:_dependency_resolved": {
    "resolution": "registry.npmjs.org/ansi-styles/3.2.1",
    "wanted": {
      "dependentId": "registry.npmjs.org/chalk/2.4.2",
      "name": "ansi-styles",
      "rawSpec": "^3.2.1"
    }
  },
  "136 debug pnpm:progress": {
    "packageId": "registry.npmjs.org/ansi-styles/3.2.1",
    "requester": "C:\\Users\\Misse\\Documents\\code\\private\\react\\hack-the-crisis\\billboard-map\\web",
    "status": "resolved"
  },
  "137 debug pnpm:_dependency_resolved": {
    "resolution": "registry.npmjs.org/@types/react/16.9.32",
    "wanted": {
      "dependentId": "registry.npmjs.org/@types/react-geosuggest/2.7.10",
      "name": "@types/react",
      "rawSpec": "*"
    }
  },
  "138 debug pnpm:_dependency_resolved": {
    "resolution": "registry.npmjs.org/escape-string-regexp/1.0.5",
    "wanted": {
      "dependentId": "registry.npmjs.org/chalk/2.4.2",
      "name": "escape-string-regexp",
      "rawSpec": "^1.0.5"
    }
  },
  "139 debug pnpm:progress": {
    "packageId": "registry.npmjs.org/escape-string-regexp/1.0.5",
    "requester": "C:\\Users\\Misse\\Documents\\code\\private\\react\\hack-the-crisis\\billboard-map\\web",
    "status": "resolved"
  },
  "140 debug pnpm:_dependency_resolved": {
    "resolution": "registry.npmjs.org/regenerator-runtime/0.13.5",
    "wanted": {
      "dependentId": "registry.npmjs.org/@babel/runtime/7.9.2",
      "name": "regenerator-runtime",
      "rawSpec": "^0.13.4"
    }
  },
  "141 debug pnpm:progress": {
    "packageId": "registry.npmjs.org/regenerator-runtime/0.13.5",
    "requester": "C:\\Users\\Misse\\Documents\\code\\private\\react\\hack-the-crisis\\billboard-map\\web",
    "status": "resolved"
  },
  "142 debug pnpm:_dependency_resolved": {
    "resolution": "registry.npmjs.org/supports-color/5.5.0",
    "wanted": {
      "dependentId": "registry.npmjs.org/chalk/2.4.2",
      "name": "supports-color",
      "rawSpec": "^5.3.0"
    }
  },
  "143 debug pnpm:progress": {
    "packageId": "registry.npmjs.org/supports-color/5.5.0",
    "requester": "C:\\Users\\Misse\\Documents\\code\\private\\react\\hack-the-crisis\\billboard-map\\web",
    "status": "resolved"
  },
  "144 debug pnpm:_dependency_resolved": {
    "resolution": "registry.npmjs.org/jest-get-type/24.9.0",
    "wanted": {
      "dependentId": "registry.npmjs.org/jest-diff/24.9.0",
      "name": "jest-get-type",
      "rawSpec": "^24.9.0"
    }
  },
  "145 debug pnpm:progress": {
    "packageId": "registry.npmjs.org/jest-get-type/24.9.0",
    "requester": "C:\\Users\\Misse\\Documents\\code\\private\\react\\hack-the-crisis\\billboard-map\\web",
    "status": "resolved"
  },
  "146 debug pnpm:_dependency_resolved": {
    "resolution": "registry.npmjs.org/diff-sequences/24.9.0",
    "wanted": {
      "dependentId": "registry.npmjs.org/jest-diff/24.9.0",
      "name": "diff-sequences",
      "rawSpec": "^24.9.0"
    }
  },
  "147 debug pnpm:progress": {
    "packageId": "registry.npmjs.org/diff-sequences/24.9.0",
    "requester": "C:\\Users\\Misse\\Documents\\code\\private\\react\\hack-the-crisis\\billboard-map\\web",
    "status": "resolved"
  },
  "148 debug pnpm:_dependency_resolved": {
    "resolution": "registry.npmjs.org/source-map/0.6.1",
    "wanted": {
      "dependentId": "registry.npmjs.org/css/2.2.4",
      "name": "source-map",
      "rawSpec": "^0.6.1"
    }
  },
  "149 debug pnpm:progress": {
    "packageId": "registry.npmjs.org/source-map/0.6.1",
    "requester": "C:\\Users\\Misse\\Documents\\code\\private\\react\\hack-the-crisis\\billboard-map\\web",
    "status": "resolved"
  },
  "150 debug pnpm:_dependency_resolved": {
    "resolution": "registry.npmjs.org/inherits/2.0.4",
    "wanted": {
      "dependentId": "registry.npmjs.org/css/2.2.4",
      "name": "inherits",
      "rawSpec": "^2.0.3"
    }
  },
  "151 debug pnpm:progress": {
    "packageId": "registry.npmjs.org/inherits/2.0.4",
    "requester": "C:\\Users\\Misse\\Documents\\code\\private\\react\\hack-the-crisis\\billboard-map\\web",
    "status": "resolved"
  },
  "152 debug pnpm:_dependency_resolved": {
    "resolution": "registry.npmjs.org/urix/0.1.0",
    "wanted": {
      "dependentId": "registry.npmjs.org/css/2.2.4",
      "name": "urix",
      "rawSpec": "^0.1.0"
    }
  },
  "153 debug pnpm:deprecation": {
    "deprecated": "Please see https://github.com/lydell/urix#deprecated",
    "depth": 2,
    "pkgId": "registry.npmjs.org/urix/0.1.0",
    "pkgName": "urix",
    "pkgVersion": "0.1.0",
    "prefix": "C:\\Users\\Misse\\Documents\\code\\private\\react\\hack-the-crisis\\billboard-map\\web"
  },
  "154 debug pnpm:progress": {
    "packageId": "registry.npmjs.org/urix/0.1.0",
    "requester": "C:\\Users\\Misse\\Documents\\code\\private\\react\\hack-the-crisis\\billboard-map\\web",
    "status": "resolved"
  },
  "155 debug pnpm:_dependency_resolved": {
    "resolution": "registry.npmjs.org/source-map-resolve/0.5.3",
    "wanted": {
      "dependentId": "registry.npmjs.org/css/2.2.4",
      "name": "source-map-resolve",
      "rawSpec": "^0.5.2"
    }
  },
  "156 debug pnpm:progress": {
    "packageId": "registry.npmjs.org/source-map-resolve/0.5.3",
    "requester": "C:\\Users\\Misse\\Documents\\code\\private\\react\\hack-the-crisis\\billboard-map\\web",
    "status": "resolved"
  },
  "157 debug pnpm:_dependency_resolved": {
    "resolution": "registry.npmjs.org/@types/googlemaps/3.39.3",
    "wanted": {
      "dependentId": "registry.npmjs.org/@types/react-geosuggest/2.7.10",
      "name": "@types/googlemaps",
      "rawSpec": "*"
    }
  },
  "158 debug pnpm:progress": {
    "packageId": "registry.npmjs.org/@types/googlemaps/3.39.3",
    "requester": "C:\\Users\\Misse\\Documents\\code\\private\\react\\hack-the-crisis\\billboard-map\\web",
    "status": "resolved"
  },
  "159 debug pnpm:_dependency_resolved": {
    "resolution": "registry.npmjs.org/@react-firebase/auth/0.2.10",
    "wanted": {
      "name": "@react-firebase/auth",
      "rawSpec": "^0.2.10"
    }
  },
  "160 debug pnpm:progress": {
    "packageId": "registry.npmjs.org/@react-firebase/auth/0.2.10",
    "requester": "C:\\Users\\Misse\\Documents\\code\\private\\react\\hack-the-crisis\\billboard-map\\web",
    "status": "resolved"
  },
  "161 debug pnpm:_dependency_resolved": {
    "resolution": "registry.npmjs.org/@fortawesome/fontawesome-common-types/0.2.28",
    "wanted": {
      "dependentId": "registry.npmjs.org/@fortawesome/free-solid-svg-icons/5.13.0",
      "name": "@fortawesome/fontawesome-common-types",
      "rawSpec": "^0.2.28"
    }
  },
  "162 debug pnpm:_dependency_resolved": {
    "resolution": "registry.npmjs.org/@mapbox/point-geometry/0.1.0",
    "wanted": {
      "dependentId": "registry.npmjs.org/google-map-react/1.1.7",
      "name": "@mapbox/point-geometry",
      "rawSpec": "^0.1.0"
    }
  },
  "163 debug pnpm:progress": {
    "packageId": "registry.npmjs.org/@mapbox/point-geometry/0.1.0",
    "requester": "C:\\Users\\Misse\\Documents\\code\\private\\react\\hack-the-crisis\\billboard-map\\web",
    "status": "resolved"
  },
  "164 debug pnpm:_dependency_resolved": {
    "resolution": "registry.npmjs.org/@babel/runtime/7.9.2",
    "wanted": {
      "dependentId": "registry.npmjs.org/@material-ui/core/4.9.9",
      "name": "@babel/runtime",
      "rawSpec": "^7.4.4"
    }
  },
  "165 debug pnpm:progress": {
    "packageId": "registry.npmjs.org/chalk/2.4.2",
    "requester": "C:\\Users\\Misse\\Documents\\code\\private\\react\\hack-the-crisis\\billboard-map\\web",
    "status": "found_in_store"
  },
  "166 debug pnpm:_dependency_resolved": {
    "resolution": "registry.npmjs.org/@types/leaflet.markercluster/1.4.2",
    "wanted": {
      "dependentId": "registry.npmjs.org/@types/react-leaflet-markercluster/2.0.0",
      "name": "@types/leaflet.markercluster",
      "rawSpec": "*"
    }
  },
  "167 debug pnpm:progress": {
    "packageId": "registry.npmjs.org/@types/leaflet.markercluster/1.4.2",
    "requester": "C:\\Users\\Misse\\Documents\\code\\private\\react\\hack-the-crisis\\billboard-map\\web",
    "status": "resolved"
  },
  "168 debug pnpm:_dependency_resolved": {
    "resolution": "registry.npmjs.org/@material-ui/system/4.9.6",
    "wanted": {
      "dependentId": "registry.npmjs.org/@material-ui/core/4.9.9",
      "name": "@material-ui/system",
      "rawSpec": "^4.9.6"
    }
  },
  "169 debug pnpm:progress": {
    "packageId": "registry.npmjs.org/@material-ui/system/4.9.6",
    "requester": "C:\\Users\\Misse\\Documents\\code\\private\\react\\hack-the-crisis\\billboard-map\\web",
    "status": "resolved"
  },
  "170 debug pnpm:_dependency_resolved": {
    "resolution": "registry.npmjs.org/@material-ui/styles/4.9.6",
    "wanted": {
      "dependentId": "registry.npmjs.org/@material-ui/core/4.9.9",
      "name": "@material-ui/styles",
      "rawSpec": "^4.9.6"
    }
  },
  "171 debug pnpm:progress": {
    "packageId": "registry.npmjs.org/@material-ui/styles/4.9.6",
    "requester": "C:\\Users\\Misse\\Documents\\code\\private\\react\\hack-the-crisis\\billboard-map\\web",
    "status": "resolved"
  },
  "172 debug pnpm:_dependency_resolved": {
    "resolution": "registry.npmjs.org/@material-ui/utils/4.9.6",
    "wanted": {
      "dependentId": "registry.npmjs.org/@material-ui/core/4.9.9",
      "name": "@material-ui/utils",
      "rawSpec": "^4.9.6"
    }
  },
  "173 debug pnpm:progress": {
    "packageId": "registry.npmjs.org/@material-ui/utils/4.9.6",
    "requester": "C:\\Users\\Misse\\Documents\\code\\private\\react\\hack-the-crisis\\billboard-map\\web",
    "status": "resolved"
  },
  "174 debug pnpm:_dependency_resolved": {
    "resolution": "registry.npmjs.org/@types/react-transition-group/4.2.4",
    "wanted": {
      "dependentId": "registry.npmjs.org/@material-ui/core/4.9.9",
      "name": "@types/react-transition-group",
      "rawSpec": "^4.2.0"
    }
  },
  "175 debug pnpm:progress": {
    "packageId": "registry.npmjs.org/@types/react-transition-group/4.2.4",
    "requester": "C:\\Users\\Misse\\Documents\\code\\private\\react\\hack-the-crisis\\billboard-map\\web",
    "status": "resolved"
  },
  "176 debug pnpm:progress": {
    "packageId": "registry.npmjs.org/@types/react-burger-menu/2.6.1",
    "requester": "C:\\Users\\Misse\\Documents\\code\\private\\react\\hack-the-crisis\\billboard-map\\web",
    "status": "found_in_store"
  },
  "177 debug pnpm:progress": {
    "packageId": "registry.npmjs.org/css.escape/1.5.1",
    "requester": "C:\\Users\\Misse\\Documents\\code\\private\\react\\hack-the-crisis\\billboard-map\\web",
    "status": "found_in_store"
  },
  "178 debug pnpm:_dependency_resolved": {
    "resolution": "registry.npmjs.org/@material-ui/types/5.0.0",
    "wanted": {
      "dependentId": "registry.npmjs.org/@material-ui/core/4.9.9",
      "name": "@material-ui/types",
      "rawSpec": "^5.0.0"
    }
  },
  "179 debug pnpm:progress": {
    "packageId": "registry.npmjs.org/@material-ui/types/5.0.0",
    "requester": "C:\\Users\\Misse\\Documents\\code\\private\\react\\hack-the-crisis\\billboard-map\\web",
    "status": "resolved"
  },
  "180 debug pnpm:_dependency_resolved": {
    "resolution": "registry.npmjs.org/clsx/1.1.0",
    "wanted": {
      "dependentId": "registry.npmjs.org/@material-ui/core/4.9.9",
      "name": "clsx",
      "rawSpec": "^1.0.2"
    }
  },
  "181 debug pnpm:progress": {
    "packageId": "registry.npmjs.org/clsx/1.1.0",
    "requester": "C:\\Users\\Misse\\Documents\\code\\private\\react\\hack-the-crisis\\billboard-map\\web",
    "status": "resolved"
  },
  "182 debug pnpm:_dependency_resolved": {
    "resolution": "registry.npmjs.org/hoist-non-react-statics/3.3.2",
    "wanted": {
      "dependentId": "registry.npmjs.org/@material-ui/core/4.9.9",
      "name": "hoist-non-react-statics",
      "rawSpec": "^3.3.2"
    }
  },
  "183 debug pnpm:_dependency_resolved": {
    "resolution": "registry.npmjs.org/popper.js/1.16.1",
    "wanted": {
      "dependentId": "registry.npmjs.org/@material-ui/core/4.9.9",
      "name": "popper.js",
      "rawSpec": "^1.14.1"
    }
  },
  "184 debug pnpm:deprecation": {
    "deprecated": "You can find the new Popper v2 at @popperjs/core, this package is dedicated to the legacy v1",
    "depth": 1,
    "pkgId": "registry.npmjs.org/popper.js/1.16.1",
    "pkgName": "popper.js",
    "pkgVersion": "1.16.1",
    "prefix": "C:\\Users\\Misse\\Documents\\code\\private\\react\\hack-the-crisis\\billboard-map\\web"
  },
  "185 debug pnpm:progress": {
    "packageId": "registry.npmjs.org/popper.js/1.16.1",
    "requester": "C:\\Users\\Misse\\Documents\\code\\private\\react\\hack-the-crisis\\billboard-map\\web",
    "status": "resolved"
  },
  "186 debug pnpm:_dependency_resolved": {
    "resolution": "registry.npmjs.org/react-is/16.13.1",
    "wanted": {
      "dependentId": "registry.npmjs.org/@material-ui/core/4.9.9",
      "name": "react-is",
      "rawSpec": "^16.8.0"
    }
  },
  "187 debug pnpm:progress": {
    "packageId": "registry.npmjs.org/react-is/16.13.1",
    "requester": "C:\\Users\\Misse\\Documents\\code\\private\\react\\hack-the-crisis\\billboard-map\\web",
    "status": "resolved"
  },
  "188 debug pnpm:_dependency_resolved": {
    "resolution": "registry.npmjs.org/prop-types/15.7.2",
    "wanted": {
      "dependentId": "registry.npmjs.org/@material-ui/core/4.9.9",
      "name": "prop-types",
      "rawSpec": "^15.7.2"
    }
  },
  "189 debug pnpm:_dependency_resolved": {
    "resolution": "registry.npmjs.org/react-transition-group/4.3.0",
    "wanted": {
      "dependentId": "registry.npmjs.org/@material-ui/core/4.9.9",
      "name": "react-transition-group",
      "rawSpec": "^4.3.0"
    }
  },
  "190 debug pnpm:progress": {
    "packageId": "registry.npmjs.org/react-transition-group/4.3.0",
    "requester": "C:\\Users\\Misse\\Documents\\code\\private\\react\\hack-the-crisis\\billboard-map\\web",
    "status": "resolved"
  },
  "191 debug pnpm:_dependency_resolved": {
    "resolution": "registry.npmjs.org/classnames/2.2.6",
    "wanted": {
      "dependentId": "registry.npmjs.org/react-burger-menu/2.6.13",
      "name": "classnames",
      "rawSpec": "^2.2.6"
    }
  },
  "192 debug pnpm:progress": {
    "packageId": "registry.npmjs.org/@types/react-leaflet-markercluster/2.0.0",
    "requester": "C:\\Users\\Misse\\Documents\\code\\private\\react\\hack-the-crisis\\billboard-map\\web",
    "status": "found_in_store"
  },
  "193 debug pnpm:progress": {
    "packageId": "registry.npmjs.org/css/2.2.4",
    "requester": "C:\\Users\\Misse\\Documents\\code\\private\\react\\hack-the-crisis\\billboard-map\\web",
    "status": "found_in_store"
  },
  "194 debug pnpm:progress": {
    "packageId": "registry.npmjs.org/@types/react-geosuggest/2.7.10",
    "requester": "C:\\Users\\Misse\\Documents\\code\\private\\react\\hack-the-crisis\\billboard-map\\web",
    "status": "found_in_store"
  },
  "195 debug pnpm:progress": {
    "packageId": "registry.npmjs.org/redent/3.0.0",
    "requester": "C:\\Users\\Misse\\Documents\\code\\private\\react\\hack-the-crisis\\billboard-map\\web",
    "status": "found_in_store"
  },
  "196 debug pnpm:progress": {
    "packageId": "registry.npmjs.org/object-assign/4.1.1",
    "requester": "C:\\Users\\Misse\\Documents\\code\\private\\react\\hack-the-crisis\\billboard-map\\web",
    "status": "found_in_store"
  },
  "197 debug pnpm:progress": {
    "packageId": "registry.npmjs.org/eventemitter3/1.2.0",
    "requester": "C:\\Users\\Misse\\Documents\\code\\private\\react\\hack-the-crisis\\billboard-map\\web",
    "status": "found_in_store"
  },
  "198 debug pnpm:progress": {
    "packageId": "registry.npmjs.org/loose-envify/1.4.0",
    "requester": "C:\\Users\\Misse\\Documents\\code\\private\\react\\hack-the-crisis\\billboard-map\\web",
    "status": "found_in_store"
  },
  "199 debug pnpm:_dependency_resolved": {
    "resolution": "registry.npmjs.org/eve/0.5.4",
    "wanted": {
      "dependentId": "registry.npmjs.org/react-burger-menu/2.6.13",
      "name": "eve",
      "rawSpec": "~0.5.1"
    }
  },
  "200 debug pnpm:progress": {
    "packageId": "registry.npmjs.org/eve/0.5.4",
    "requester": "C:\\Users\\Misse\\Documents\\code\\private\\react\\hack-the-crisis\\billboard-map\\web",
    "status": "resolved"
  },
  "201 debug pnpm:_dependency_resolved": {
    "resolution": "registry.npmjs.org/prop-types/15.7.2",
    "wanted": {
      "dependentId": "registry.npmjs.org/react-burger-menu/2.6.13",
      "name": "prop-types",
      "rawSpec": "^15.7.2"
    }
  },
  "202 debug pnpm:progress": {
    "packageId": "registry.npmjs.org/classnames/2.2.6",
    "requester": "C:\\Users\\Misse\\Documents\\code\\private\\react\\hack-the-crisis\\billboard-map\\web",
    "status": "found_in_store"
  },
  "203 debug pnpm:progress": {
    "packageId": "registry.npmjs.org/@types/prop-types/15.7.3",
    "requester": "C:\\Users\\Misse\\Documents\\code\\private\\react\\hack-the-crisis\\billboard-map\\web",
    "status": "found_in_store"
  },
  "204 debug pnpm:progress": {
    "packageId": "registry.npmjs.org/react-leaflet-markercluster/2.0.0",
    "requester": "C:\\Users\\Misse\\Documents\\code\\private\\react\\hack-the-crisis\\billboard-map\\web",
    "status": "found_in_store"
  },
  "205 debug pnpm:progress": {
    "packageId": "registry.npmjs.org/@types/testing-library__react/9.1.3",
    "requester": "C:\\Users\\Misse\\Documents\\code\\private\\react\\hack-the-crisis\\billboard-map\\web",
    "status": "found_in_store"
  },
  "206 debug pnpm:progress": {
    "packageId": "registry.npmjs.org/warning/4.0.3",
    "requester": "C:\\Users\\Misse\\Documents\\code\\private\\react\\hack-the-crisis\\billboard-map\\web",
    "status": "found_in_store"
  },
  "207 debug pnpm:progress": {
    "packageId": "registry.npmjs.org/fast-deep-equal/3.1.1",
    "requester": "C:\\Users\\Misse\\Documents\\code\\private\\react\\hack-the-crisis\\billboard-map\\web",
    "status": "found_in_store"
  },
  "208 debug pnpm:progress": {
    "packageId": "registry.npmjs.org/jest-diff/24.9.0",
    "requester": "C:\\Users\\Misse\\Documents\\code\\private\\react\\hack-the-crisis\\billboard-map\\web",
    "status": "found_in_store"
  },
  "209 debug pnpm:progress": {
    "packageId": "registry.npmjs.org/jest-matcher-utils/24.9.0",
    "requester": "C:\\Users\\Misse\\Documents\\code\\private\\react\\hack-the-crisis\\billboard-map\\web",
    "status": "found_in_store"
  },
  "210 debug pnpm:progress": {
    "packageId": "registry.npmjs.org/lodash.debounce/4.0.8",
    "requester": "C:\\Users\\Misse\\Documents\\code\\private\\react\\hack-the-crisis\\billboard-map\\web",
    "status": "found_in_store"
  },
  "211 debug pnpm:progress": {
    "packageId": "registry.npmjs.org/supports-color/5.5.0",
    "requester": "C:\\Users\\Misse\\Documents\\code\\private\\react\\hack-the-crisis\\billboard-map\\web",
    "status": "found_in_store"
  },
  "212 debug pnpm:progress": {
    "packageId": "registry.npmjs.org/ansi-styles/3.2.1",
    "requester": "C:\\Users\\Misse\\Documents\\code\\private\\react\\hack-the-crisis\\billboard-map\\web",
    "status": "found_in_store"
  },
  "213 debug pnpm:progress": {
    "packageId": "registry.npmjs.org/escape-string-regexp/1.0.5",
    "requester": "C:\\Users\\Misse\\Documents\\code\\private\\react\\hack-the-crisis\\billboard-map\\web",
    "status": "found_in_store"
  },
  "214 debug pnpm:progress": {
    "packageId": "registry.npmjs.org/scheduler/0.19.1",
    "requester": "C:\\Users\\Misse\\Documents\\code\\private\\react\\hack-the-crisis\\billboard-map\\web",
    "status": "found_in_store"
  },
  "215 debug pnpm:progress": {
    "packageId": "registry.npmjs.org/hoist-non-react-statics/3.3.2",
    "requester": "C:\\Users\\Misse\\Documents\\code\\private\\react\\hack-the-crisis\\billboard-map\\web",
    "status": "found_in_store"
  },
  "216 debug pnpm:progress": {
    "packageId": "registry.npmjs.org/inherits/2.0.4",
    "requester": "C:\\Users\\Misse\\Documents\\code\\private\\react\\hack-the-crisis\\billboard-map\\web",
    "status": "found_in_store"
  },
  "217 debug pnpm:progress": {
    "packageId": "registry.npmjs.org/urix/0.1.0",
    "requester": "C:\\Users\\Misse\\Documents\\code\\private\\react\\hack-the-crisis\\billboard-map\\web",
    "status": "found_in_store"
  },
  "218 debug pnpm:progress": {
    "packageId": "registry.npmjs.org/jest-get-type/24.9.0",
    "requester": "C:\\Users\\Misse\\Documents\\code\\private\\react\\hack-the-crisis\\billboard-map\\web",
    "status": "found_in_store"
  },
  "219 debug pnpm:progress": {
    "packageId": "registry.npmjs.org/@fortawesome/react-fontawesome/0.1.9",
    "requester": "C:\\Users\\Misse\\Documents\\code\\private\\react\\hack-the-crisis\\billboard-map\\web",
    "status": "found_in_store"
  },
  "220 debug pnpm:progress": {
    "packageId": "registry.npmjs.org/regenerator-runtime/0.13.5",
    "requester": "C:\\Users\\Misse\\Documents\\code\\private\\react\\hack-the-crisis\\billboard-map\\web",
    "status": "found_in_store"
  },
  "221 debug pnpm:progress": {
    "packageId": "registry.npmjs.org/@types/jest/24.9.1",
    "requester": "C:\\Users\\Misse\\Documents\\code\\private\\react\\hack-the-crisis\\billboard-map\\web",
    "status": "found_in_store"
  },
  "222 debug pnpm:progress": {
    "packageId": "registry.npmjs.org/@babel/runtime/7.9.2",
    "requester": "C:\\Users\\Misse\\Documents\\code\\private\\react\\hack-the-crisis\\billboard-map\\web",
    "status": "found_in_store"
  },
  "223 debug pnpm:progress": {
    "packageId": "registry.npmjs.org/source-map-resolve/0.5.3",
    "requester": "C:\\Users\\Misse\\Documents\\code\\private\\react\\hack-the-crisis\\billboard-map\\web",
    "status": "found_in_store"
  },
  "224 debug pnpm:_dependency_resolved": {
    "resolution": "registry.npmjs.org/snapsvg-cjs/0.0.6",
    "wanted": {
      "dependentId": "registry.npmjs.org/react-burger-menu/2.6.13",
      "name": "snapsvg-cjs",
      "rawSpec": "0.0.6"
    }
  },
  "225 debug pnpm:progress": {
    "packageId": "registry.npmjs.org/snapsvg-cjs/0.0.6",
    "requester": "C:\\Users\\Misse\\Documents\\code\\private\\react\\hack-the-crisis\\billboard-map\\web",
    "status": "resolved"
  },
  "226 debug pnpm:progress": {
    "packageId": "registry.npmjs.org/@react-firebase/auth/0.2.10",
    "requester": "C:\\Users\\Misse\\Documents\\code\\private\\react\\hack-the-crisis\\billboard-map\\web",
    "status": "found_in_store"
  },
  "227 debug pnpm:progress": {
    "packageId": "registry.npmjs.org/@mapbox/point-geometry/0.1.0",
    "requester": "C:\\Users\\Misse\\Documents\\code\\private\\react\\hack-the-crisis\\billboard-map\\web",
    "status": "found_in_store"
  },
  "228 debug pnpm:progress": {
    "packageId": "registry.npmjs.org/prop-types/15.7.2",
    "requester": "C:\\Users\\Misse\\Documents\\code\\private\\react\\hack-the-crisis\\billboard-map\\web",
    "status": "found_in_store"
  },
  "229 debug pnpm:_dependency_resolved": {
    "resolution": "registry.npmjs.org/browserify-optional/1.0.1",
    "wanted": {
      "dependentId": "registry.npmjs.org/react-burger-menu/2.6.13",
      "name": "browserify-optional",
      "rawSpec": "^1.0.0"
    }
  },
  "230 debug pnpm:progress": {
    "packageId": "registry.npmjs.org/browserify-optional/1.0.1",
    "requester": "C:\\Users\\Misse\\Documents\\code\\private\\react\\hack-the-crisis\\billboard-map\\web",
    "status": "resolved"
  },
  "231 debug pnpm:_dependency_resolved": {
    "resolution": "registry.npmjs.org/leaflet/1.6.0",
    "wanted": {
      "dependentId": "registry.npmjs.org/react-leaflet-markercluster/2.0.0",
      "name": "leaflet",
      "rawSpec": "^1.6.0"
    }
  },
  "232 debug pnpm:_dependency_resolved": {
    "resolution": "registry.npmjs.org/leaflet.markercluster/1.4.1",
    "wanted": {
      "dependentId": "registry.npmjs.org/react-leaflet-markercluster/2.0.0",
      "name": "leaflet.markercluster",
      "rawSpec": "^1.4.1"
    }
  },
  "233 debug pnpm:progress": {
    "packageId": "registry.npmjs.org/leaflet.markercluster/1.4.1",
    "requester": "C:\\Users\\Misse\\Documents\\code\\private\\react\\hack-the-crisis\\billboard-map\\web",
    "status": "resolved"
  },
  "234 debug pnpm:_dependency_resolved": {
    "resolution": "registry.npmjs.org/react-leaflet/2.6.3",
    "wanted": {
      "dependentId": "registry.npmjs.org/react-leaflet-markercluster/2.0.0",
      "name": "react-leaflet",
      "rawSpec": "^2.6.3"
    }
  },
  "235 debug pnpm:_dependency_resolved": {
    "resolution": "registry.npmjs.org/lodash.get/4.4.2",
    "wanted": {
      "dependentId": "registry.npmjs.org/@react-firebase/auth/0.2.10",
      "name": "lodash.get",
      "rawSpec": "^4.4.2"
    }
  },
  "236 debug pnpm:progress": {
    "packageId": "registry.npmjs.org/lodash.get/4.4.2",
    "requester": "C:\\Users\\Misse\\Documents\\code\\private\\react\\hack-the-crisis\\billboard-map\\web",
    "status": "resolved"
  },
  "237 debug pnpm:progress": {
    "packageId": "registry.npmjs.org/diff-sequences/24.9.0",
    "requester": "C:\\Users\\Misse\\Documents\\code\\private\\react\\hack-the-crisis\\billboard-map\\web",
    "status": "found_in_store"
  },
  "238 debug pnpm:progress": {
    "packageId": "registry.npmjs.org/@types/leaflet.markercluster/1.4.2",
    "requester": "C:\\Users\\Misse\\Documents\\code\\private\\react\\hack-the-crisis\\billboard-map\\web",
    "status": "found_in_store"
  },
  "239 debug pnpm:progress": {
    "packageId": "registry.npmjs.org/react/16.13.1",
    "requester": "C:\\Users\\Misse\\Documents\\code\\private\\react\\hack-the-crisis\\billboard-map\\web",
    "status": "found_in_store"
  },
  "240 debug pnpm:progress": {
    "packageId": "registry.npmjs.org/@types/node/12.12.34",
    "requester": "C:\\Users\\Misse\\Documents\\code\\private\\react\\hack-the-crisis\\billboard-map\\web",
    "status": "found_in_store"
  },
  "241 debug pnpm:progress": {
    "packageId": "registry.npmjs.org/react-geosuggest/2.12.1",
    "requester": "C:\\Users\\Misse\\Documents\\code\\private\\react\\hack-the-crisis\\billboard-map\\web",
    "status": "found_in_store"
  },
  "242 debug pnpm:progress": {
    "packageId": "registry.npmjs.org/@types/react-transition-group/4.2.4",
    "requester": "C:\\Users\\Misse\\Documents\\code\\private\\react\\hack-the-crisis\\billboard-map\\web",
    "status": "found_in_store"
  },
  "243 debug pnpm:progress": {
    "packageId": "registry.npmjs.org/@types/leaflet/1.5.12",
    "requester": "C:\\Users\\Misse\\Documents\\code\\private\\react\\hack-the-crisis\\billboard-map\\web",
    "status": "found_in_store"
  },
  "244 debug pnpm:progress": {
    "packageId": "registry.npmjs.org/@material-ui/types/5.0.0",
    "requester": "C:\\Users\\Misse\\Documents\\code\\private\\react\\hack-the-crisis\\billboard-map\\web",
    "status": "found_in_store"
  },
  "245 debug pnpm:progress": {
    "packageId": "registry.npmjs.org/clsx/1.1.0",
    "requester": "C:\\Users\\Misse\\Documents\\code\\private\\react\\hack-the-crisis\\billboard-map\\web",
    "status": "found_in_store"
  },
  "246 debug pnpm:progress": {
    "packageId": "registry.npmjs.org/react-is/16.13.1",
    "requester": "C:\\Users\\Misse\\Documents\\code\\private\\react\\hack-the-crisis\\billboard-map\\web",
    "status": "found_in_store"
  },
  "247 error pnpm": {
    "message": {
      "code": "ERR_PNPM_REGISTRY_META_RESPONSE_404",
      "package": "react-geosuggest-material-ui",
      "response": {
        "size": 0,
        "timeout": 0
      },
      "uri": "https://registry.npmjs.org/react-geosuggest-material-ui"
    },
    "err": {
      "name": "Error",
      "message": "404 Not Found: react-geosuggest-material-ui (via https://registry.npmjs.org/react-geosuggest-material-ui)",
      "code": "ERR_PNPM_REGISTRY_META_RESPONSE_404",
      "stack": "Error: 404 Not Found: react-geosuggest-material-ui (via https://registry.npmjs.org/react-geosuggest-material-ui)\n    at fromRegistry (C:\\ProgramData\\nvm\\v10.15.3\\node_modules\\pnpm\\lib\\node_modules\\@pnpm\\npm-resolver\\lib\\pickPackage.js:101:15)\n    at process._tickCallback (internal/process/next_tick.js:68:7)"
    }
  }
}